{
  "stats": {
    "suites": 5,
    "tests": 4,
    "passes": 4,
    "pending": 0,
    "failures": 0,
    "start": "2020-12-15T23:53:53.590Z",
    "end": "2020-12-15T23:54:00.952Z",
    "duration": 7362,
    "testsRegistered": 4,
    "passPercent": 100,
    "pendingPercent": 0,
    "other": 0,
    "hasOther": false,
    "skipped": 0,
    "hasSkipped": false
  },
  "results": [
    {
      "uuid": "aa033eb8-5509-4a5c-bd23-340b0a3735dc",
      "title": "",
      "fullFile": "tests\\e2e\\specs\\login_spec.js",
      "file": "tests\\e2e\\specs\\login_spec.js",
      "beforeHooks": [],
      "afterHooks": [],
      "tests": [],
      "suites": [
        {
          "uuid": "4ad0bb42-5e41-4df4-a75a-f46a77e89afd",
          "title": "Login",
          "fullFile": "",
          "file": "",
          "beforeHooks": [],
          "afterHooks": [],
          "tests": [],
          "suites": [
            {
              "uuid": "a199592e-aff4-440f-9e8e-45c014cb1ab8",
              "title": "Quando submeto credenciais validas",
              "fullFile": "",
              "file": "",
              "beforeHooks": [],
              "afterHooks": [],
              "tests": [
                {
                  "title": "Deve exibir a área logada",
                  "fullTitle": "Login Quando submeto credenciais validas Deve exibir a área logada",
                  "timedOut": null,
                  "duration": 2086,
                  "state": "passed",
                  "speed": "slow",
                  "pass": true,
                  "fail": false,
                  "pending": false,
                  "context": "\"assets/screenshots/login_spec.js/Deve exibir a área logada -- after each hook.png\"",
                  "code": "cy.contains('h4', 'Seu gerenciador digital de contatos').should('be.visible');",
                  "err": {},
                  "uuid": "702412b8-7efe-48d5-a617-0fb9fe07ed95",
                  "parentUUID": "a199592e-aff4-440f-9e8e-45c014cb1ab8",
                  "isHook": false,
                  "skipped": false
                }
              ],
              "suites": [],
              "passes": [
                "702412b8-7efe-48d5-a617-0fb9fe07ed95"
              ],
              "failures": [],
              "pending": [],
              "skipped": [],
              "duration": 2086,
              "root": false,
              "rootEmpty": false,
              "_timeout": 2000
            },
            {
              "uuid": "34a16670-50a2-4dab-8aae-a35712aa44f4",
              "title": "Quando submeto senha incorreta",
              "fullFile": "",
              "file": "",
              "beforeHooks": [],
              "afterHooks": [],
              "tests": [
                {
                  "title": "Deve exibir Email eou senha incorretos",
                  "fullTitle": "Login Quando submeto senha incorreta Deve exibir Email eou senha incorretos",
                  "timedOut": null,
                  "duration": 1208,
                  "state": "passed",
                  "speed": "slow",
                  "pass": true,
                  "fail": false,
                  "pending": false,
                  "context": "\"assets/screenshots/login_spec.js/Deve exibir Email eou senha incorretos -- after each hook.png\"",
                  "code": "cy.loginAlert(expectMessage).should('be.visible');",
                  "err": {},
                  "uuid": "dada9b2e-be6c-4ca6-a118-95ac44298a9b",
                  "parentUUID": "34a16670-50a2-4dab-8aae-a35712aa44f4",
                  "isHook": false,
                  "skipped": false
                }
              ],
              "suites": [],
              "passes": [
                "dada9b2e-be6c-4ca6-a118-95ac44298a9b"
              ],
              "failures": [],
              "pending": [],
              "skipped": [],
              "duration": 1208,
              "root": false,
              "rootEmpty": false,
              "_timeout": 2000
            },
            {
              "uuid": "b8df7560-b888-420b-bfd2-cf4e3f85b520",
              "title": "Quando não informo o email",
              "fullFile": "",
              "file": "",
              "beforeHooks": [],
              "afterHooks": [],
              "tests": [
                {
                  "title": "Deve exibir Oops. Por favor informe o seu email",
                  "fullTitle": "Login Quando não informo o email Deve exibir Oops. Por favor informe o seu email",
                  "timedOut": null,
                  "duration": 702,
                  "state": "passed",
                  "speed": "slow",
                  "pass": true,
                  "fail": false,
                  "pending": false,
                  "context": "\"assets/screenshots/login_spec.js/Deve exibir Oops. Por favor informe o seu email -- after each hook.png\"",
                  "code": "cy.loginAlert(expectMessage).should('be.visible');",
                  "err": {},
                  "uuid": "4bb79374-cc78-43ed-a771-54367ad7e4ad",
                  "parentUUID": "b8df7560-b888-420b-bfd2-cf4e3f85b520",
                  "isHook": false,
                  "skipped": false
                }
              ],
              "suites": [],
              "passes": [
                "4bb79374-cc78-43ed-a771-54367ad7e4ad"
              ],
              "failures": [],
              "pending": [],
              "skipped": [],
              "duration": 702,
              "root": false,
              "rootEmpty": false,
              "_timeout": 2000
            },
            {
              "uuid": "2005232a-c17a-4c93-930e-013cab857f46",
              "title": "Quando não informo a senha",
              "fullFile": "",
              "file": "",
              "beforeHooks": [],
              "afterHooks": [],
              "tests": [
                {
                  "title": "Deve exibir Oops. Por favor informe sua senha",
                  "fullTitle": "Login Quando não informo a senha Deve exibir Oops. Por favor informe sua senha",
                  "timedOut": null,
                  "duration": 763,
                  "state": "passed",
                  "speed": "slow",
                  "pass": true,
                  "fail": false,
                  "pending": false,
                  "context": "\"assets/screenshots/login_spec.js/Deve exibir Oops. Por favor informe sua senha -- after each hook.png\"",
                  "code": "cy.loginAlert(expectMessage).should('be.visible');",
                  "err": {},
                  "uuid": "9b0a529d-c46e-493a-97e4-e15d20a698d3",
                  "parentUUID": "2005232a-c17a-4c93-930e-013cab857f46",
                  "isHook": false,
                  "skipped": false
                }
              ],
              "suites": [],
              "passes": [
                "9b0a529d-c46e-493a-97e4-e15d20a698d3"
              ],
              "failures": [],
              "pending": [],
              "skipped": [],
              "duration": 763,
              "root": false,
              "rootEmpty": false,
              "_timeout": 2000
            }
          ],
          "passes": [],
          "failures": [],
          "pending": [],
          "skipped": [],
          "duration": 0,
          "root": false,
          "rootEmpty": false,
          "_timeout": 2000
        }
      ],
      "passes": [],
      "failures": [],
      "pending": [],
      "skipped": [],
      "duration": 0,
      "root": true,
      "rootEmpty": true,
      "_timeout": 2000
    }
  ],
  "meta": {
    "mocha": {
      "version": "8.1.3"
    },
    "mochawesome": {
      "options": {
        "quiet": false,
        "reportFilename": "mochawesome",
        "saveHtml": false,
        "saveJson": true,
        "consoleReporter": "spec",
        "useInlineDiffs": false,
        "code": true
      },
      "version": "6.1.1"
    },
    "marge": {
      "options": {
        "reportDir": "mochawesome-report",
        "overwrite": true,
        "html": false,
        "json": true,
        "timestamp": "mmddyyyy_HHMMss"
      },
      "version": "5.1.0"
    }
  }
}