{
  "stats": {
    "suites": 2,
    "tests": 2,
    "passes": 2,
    "pending": 0,
    "failures": 0,
    "start": "2020-12-15T23:09:40.095Z",
    "end": "2020-12-15T23:09:44.392Z",
    "duration": 4297,
    "testsRegistered": 2,
    "passPercent": 100,
    "pendingPercent": 0,
    "other": 0,
    "hasOther": false,
    "skipped": 0,
    "hasSkipped": false
  },
  "results": [
    {
      "uuid": "f290815f-58e8-4e0d-b1ef-d69f41301e7c",
      "title": "",
      "fullFile": "tests\\e2e\\specs\\contact_remove_spec.js",
      "file": "tests\\e2e\\specs\\contact_remove_spec.js",
      "beforeHooks": [],
      "afterHooks": [],
      "tests": [],
      "suites": [
        {
          "uuid": "b2916724-c6b8-4328-a3b3-5093c318eee3",
          "title": "Remover Contato",
          "fullFile": "",
          "file": "",
          "beforeHooks": [],
          "afterHooks": [],
          "tests": [],
          "suites": [
            {
              "uuid": "a6ddfb8b-8bd6-4d88-9717-f2ea6293d570",
              "title": "Dado que Paulo Gilberto é um contato indesejado",
              "fullFile": "",
              "file": "",
              "beforeHooks": [],
              "afterHooks": [],
              "tests": [
                {
                  "title": "Quando eu apago esse contato",
                  "fullTitle": "Remover Contato Dado que Paulo Gilberto é um contato indesejado Quando eu apago esse contato",
                  "timedOut": null,
                  "duration": 2727,
                  "state": "passed",
                  "speed": "slow",
                  "pass": true,
                  "fail": false,
                  "pending": false,
                  "context": null,
                  "code": "cy.dash();\ncy.removeContact(contact.number);",
                  "err": {},
                  "uuid": "3c76e675-68d6-46d7-af6e-622ed899ede2",
                  "parentUUID": "a6ddfb8b-8bd6-4d88-9717-f2ea6293d570",
                  "isHook": false,
                  "skipped": false
                },
                {
                  "title": "Não deve exibir no dashboard",
                  "fullTitle": "Remover Contato Dado que Paulo Gilberto é um contato indesejado Não deve exibir no dashboard",
                  "timedOut": null,
                  "duration": 32,
                  "state": "passed",
                  "speed": "fast",
                  "pass": true,
                  "fail": false,
                  "pending": false,
                  "context": null,
                  "code": "cy.getContact(contact.number).should('not.visible');",
                  "err": {},
                  "uuid": "f8a89f58-d7c7-4eed-a2a3-0877e1b7b886",
                  "parentUUID": "a6ddfb8b-8bd6-4d88-9717-f2ea6293d570",
                  "isHook": false,
                  "skipped": false
                }
              ],
              "suites": [],
              "passes": [
                "3c76e675-68d6-46d7-af6e-622ed899ede2",
                "f8a89f58-d7c7-4eed-a2a3-0877e1b7b886"
              ],
              "failures": [],
              "pending": [],
              "skipped": [],
              "duration": 2759,
              "root": false,
              "rootEmpty": false,
              "_timeout": 2000
            }
          ],
          "passes": [],
          "failures": [],
          "pending": [],
          "skipped": [],
          "duration": 0,
          "root": false,
          "rootEmpty": false,
          "_timeout": 2000
        }
      ],
      "passes": [],
      "failures": [],
      "pending": [],
      "skipped": [],
      "duration": 0,
      "root": true,
      "rootEmpty": true,
      "_timeout": 2000
    }
  ],
  "meta": {
    "mocha": {
      "version": "8.1.3"
    },
    "mochawesome": {
      "options": {
        "quiet": false,
        "reportFilename": "mochawesome",
        "saveHtml": false,
        "saveJson": true,
        "consoleReporter": "spec",
        "useInlineDiffs": false,
        "code": true
      },
      "version": "6.1.1"
    },
    "marge": {
      "options": {
        "reportDir": "mochawesome-report",
        "overwrite": true,
        "html": false,
        "json": true,
        "timestamp": "mmddyyyy_HHMMss"
      },
      "version": "5.1.0"
    }
  }
}