{
  "stats": {
    "suites": 5,
    "tests": 4,
    "passes": 4,
    "pending": 0,
    "failures": 0,
    "start": "2020-12-15T22:24:08.670Z",
    "end": "2020-12-15T22:24:16.350Z",
    "duration": 7680,
    "testsRegistered": 4,
    "passPercent": 100,
    "pendingPercent": 0,
    "other": 0,
    "hasOther": false,
    "skipped": 0,
    "hasSkipped": false
  },
  "results": [
    {
      "uuid": "0e4eb291-0e71-459d-9ce6-b8d12b190280",
      "title": "",
      "fullFile": "tests\\e2e\\specs\\login_spec.js",
      "file": "tests\\e2e\\specs\\login_spec.js",
      "beforeHooks": [],
      "afterHooks": [],
      "tests": [],
      "suites": [
        {
          "uuid": "7378b49f-a9b0-4623-8e2e-157ea2dcbbd9",
          "title": "Login",
          "fullFile": "",
          "file": "",
          "beforeHooks": [],
          "afterHooks": [],
          "tests": [],
          "suites": [
            {
              "uuid": "9b254b73-4e9e-4133-b5eb-103a4a4cfa75",
              "title": "Quando submeto credenciais validas",
              "fullFile": "",
              "file": "",
              "beforeHooks": [],
              "afterHooks": [],
              "tests": [
                {
                  "title": "deve exibir o dashboard",
                  "fullTitle": "Login Quando submeto credenciais validas deve exibir o dashboard",
                  "timedOut": null,
                  "duration": 1985,
                  "state": "passed",
                  "speed": "slow",
                  "pass": true,
                  "fail": false,
                  "pending": false,
                  "context": null,
                  "code": "cy.contains('h4', 'Seu gerenciador digital de contatos').should('be.visible');",
                  "err": {},
                  "uuid": "86cb8877-c5e2-4302-bd9d-685f202591ef",
                  "parentUUID": "9b254b73-4e9e-4133-b5eb-103a4a4cfa75",
                  "isHook": false,
                  "skipped": false
                }
              ],
              "suites": [],
              "passes": [
                "86cb8877-c5e2-4302-bd9d-685f202591ef"
              ],
              "failures": [],
              "pending": [],
              "skipped": [],
              "duration": 1985,
              "root": false,
              "rootEmpty": false,
              "_timeout": 2000
            },
            {
              "uuid": "47d07640-d5b1-4f2a-bbcb-5678eb4986ef",
              "title": "Quando submeto uma seha incorreta",
              "fullFile": "",
              "file": "",
              "beforeHooks": [],
              "afterHooks": [],
              "tests": [
                {
                  "title": "deve exibir o dashboard",
                  "fullTitle": "Login Quando submeto uma seha incorreta deve exibir o dashboard",
                  "timedOut": null,
                  "duration": 1320,
                  "state": "passed",
                  "speed": "slow",
                  "pass": true,
                  "fail": false,
                  "pending": false,
                  "context": null,
                  "code": "cy.loginAlert('Email e/ou senha incorretos!').should('be.visible');",
                  "err": {},
                  "uuid": "01bcfcf6-b021-49b4-ad53-65ec3787223b",
                  "parentUUID": "47d07640-d5b1-4f2a-bbcb-5678eb4986ef",
                  "isHook": false,
                  "skipped": false
                }
              ],
              "suites": [],
              "passes": [
                "01bcfcf6-b021-49b4-ad53-65ec3787223b"
              ],
              "failures": [],
              "pending": [],
              "skipped": [],
              "duration": 1320,
              "root": false,
              "rootEmpty": false,
              "_timeout": 2000
            },
            {
              "uuid": "45b9514f-0128-40ca-a06a-d39d12837fe3",
              "title": "Quando não informo o email",
              "fullFile": "",
              "file": "",
              "beforeHooks": [],
              "afterHooks": [],
              "tests": [
                {
                  "title": "deve exibir o dashboard",
                  "fullTitle": "Login Quando não informo o email deve exibir o dashboard",
                  "timedOut": null,
                  "duration": 656,
                  "state": "passed",
                  "speed": "slow",
                  "pass": true,
                  "fail": false,
                  "pending": false,
                  "context": null,
                  "code": "cy.loginAlert('Oops. Por favor informe o seu email').should('be.visible');",
                  "err": {},
                  "uuid": "13ce09e1-637a-490f-828c-c23fd1fc0776",
                  "parentUUID": "45b9514f-0128-40ca-a06a-d39d12837fe3",
                  "isHook": false,
                  "skipped": false
                }
              ],
              "suites": [],
              "passes": [
                "13ce09e1-637a-490f-828c-c23fd1fc0776"
              ],
              "failures": [],
              "pending": [],
              "skipped": [],
              "duration": 656,
              "root": false,
              "rootEmpty": false,
              "_timeout": 2000
            },
            {
              "uuid": "288f12d9-ac6f-4e23-a042-55d482c9cbf8",
              "title": "Quando não informo a senha",
              "fullFile": "",
              "file": "",
              "beforeHooks": [],
              "afterHooks": [],
              "tests": [
                {
                  "title": "deve exibir o dashboard",
                  "fullTitle": "Login Quando não informo a senha deve exibir o dashboard",
                  "timedOut": null,
                  "duration": 885,
                  "state": "passed",
                  "speed": "slow",
                  "pass": true,
                  "fail": false,
                  "pending": false,
                  "context": null,
                  "code": "cy.loginAlert('Oops. Por favor informe sua senha').should('be.visible');",
                  "err": {},
                  "uuid": "10a849a9-2fdc-47e6-a3d8-3a57e149d1fd",
                  "parentUUID": "288f12d9-ac6f-4e23-a042-55d482c9cbf8",
                  "isHook": false,
                  "skipped": false
                }
              ],
              "suites": [],
              "passes": [
                "10a849a9-2fdc-47e6-a3d8-3a57e149d1fd"
              ],
              "failures": [],
              "pending": [],
              "skipped": [],
              "duration": 885,
              "root": false,
              "rootEmpty": false,
              "_timeout": 2000
            }
          ],
          "passes": [],
          "failures": [],
          "pending": [],
          "skipped": [],
          "duration": 0,
          "root": false,
          "rootEmpty": false,
          "_timeout": 2000
        }
      ],
      "passes": [],
      "failures": [],
      "pending": [],
      "skipped": [],
      "duration": 0,
      "root": true,
      "rootEmpty": true,
      "_timeout": 2000
    }
  ],
  "meta": {
    "mocha": {
      "version": "8.1.3"
    },
    "mochawesome": {
      "options": {
        "quiet": false,
        "reportFilename": "mochawesome",
        "saveHtml": false,
        "saveJson": true,
        "consoleReporter": "spec",
        "useInlineDiffs": false,
        "code": true
      },
      "version": "6.1.1"
    },
    "marge": {
      "options": {
        "reportDir": "mochawesome-report",
        "overwrite": true,
        "html": false,
        "json": true,
        "timestamp": "mmddyyyy_HHMMss"
      },
      "version": "5.1.0"
    }
  }
}