{
  "stats": {
    "suites": 6,
    "tests": 4,
    "passes": 4,
    "pending": 0,
    "failures": 0,
    "start": "2020-12-15T22:23:27.490Z",
    "end": "2020-12-15T22:23:39.218Z",
    "duration": 11728,
    "testsRegistered": 4,
    "passPercent": 100,
    "pendingPercent": 0,
    "other": 0,
    "hasOther": false,
    "skipped": 0,
    "hasSkipped": false
  },
  "results": [
    {
      "uuid": "2850f2e5-fafb-4d2a-9c25-98a325048bf9",
      "title": "",
      "fullFile": "tests\\e2e\\specs\\contact_save_spec.js",
      "file": "tests\\e2e\\specs\\contact_save_spec.js",
      "beforeHooks": [],
      "afterHooks": [],
      "tests": [],
      "suites": [
        {
          "uuid": "4eb62dcb-2f58-4a93-bf9c-c86be557d5ae",
          "title": "Cadastro de Contatos",
          "fullFile": "",
          "file": "",
          "beforeHooks": [],
          "afterHooks": [],
          "tests": [],
          "suites": [
            {
              "uuid": "c3373acb-aee6-4ffa-8426-5d0ae6ddacb1",
              "title": "Novo Contato",
              "fullFile": "",
              "file": "",
              "beforeHooks": [],
              "afterHooks": [],
              "tests": [],
              "suites": [
                {
                  "uuid": "2bf2f388-acdb-4bd5-9d2f-78c54e56510d",
                  "title": "Quando submeto o cadastro completo",
                  "fullFile": "",
                  "file": "",
                  "beforeHooks": [],
                  "afterHooks": [],
                  "tests": [
                    {
                      "title": "Deve cadastrar esse contato",
                      "fullTitle": "Cadastro de Contatos Novo Contato Quando submeto o cadastro completo Deve cadastrar esse contato",
                      "timedOut": null,
                      "duration": 4260,
                      "state": "passed",
                      "speed": "slow",
                      "pass": true,
                      "fail": false,
                      "pending": false,
                      "context": null,
                      "code": "cy.contactList().contains(contact.name);",
                      "err": {},
                      "uuid": "77dffcc7-6fc1-40d6-a486-655b72562bce",
                      "parentUUID": "2bf2f388-acdb-4bd5-9d2f-78c54e56510d",
                      "isHook": false,
                      "skipped": false
                    }
                  ],
                  "suites": [],
                  "passes": [
                    "77dffcc7-6fc1-40d6-a486-655b72562bce"
                  ],
                  "failures": [],
                  "pending": [],
                  "skipped": [],
                  "duration": 4260,
                  "root": false,
                  "rootEmpty": false,
                  "_timeout": 2000
                },
                {
                  "uuid": "4bd413e1-a22e-4d92-8f9b-8f9d7e37183d",
                  "title": "Quando submeto o cadastro sem o nome",
                  "fullFile": "",
                  "file": "",
                  "beforeHooks": [],
                  "afterHooks": [],
                  "tests": [
                    {
                      "title": "Deve deve mostrar uma notificação",
                      "fullTitle": "Cadastro de Contatos Novo Contato Quando submeto o cadastro sem o nome Deve deve mostrar uma notificação",
                      "timedOut": null,
                      "duration": 1878,
                      "state": "passed",
                      "speed": "slow",
                      "pass": true,
                      "fail": false,
                      "pending": false,
                      "context": null,
                      "code": "cy.alertName().contains('Nome é Obrigatório');",
                      "err": {},
                      "uuid": "7ee27a23-a363-4317-a5a4-1ed3c4890f7c",
                      "parentUUID": "4bd413e1-a22e-4d92-8f9b-8f9d7e37183d",
                      "isHook": false,
                      "skipped": false
                    }
                  ],
                  "suites": [],
                  "passes": [
                    "7ee27a23-a363-4317-a5a4-1ed3c4890f7c"
                  ],
                  "failures": [],
                  "pending": [],
                  "skipped": [],
                  "duration": 1878,
                  "root": false,
                  "rootEmpty": false,
                  "_timeout": 2000
                },
                {
                  "uuid": "f6d0fe17-058c-4176-bfa2-cf4e63068a47",
                  "title": "Quando submeto o cadastro sem o whatsapp",
                  "fullFile": "",
                  "file": "",
                  "beforeHooks": [],
                  "afterHooks": [],
                  "tests": [
                    {
                      "title": "Deve deve mostrar uma notificação",
                      "fullTitle": "Cadastro de Contatos Novo Contato Quando submeto o cadastro sem o whatsapp Deve deve mostrar uma notificação",
                      "timedOut": null,
                      "duration": 1821,
                      "state": "passed",
                      "speed": "slow",
                      "pass": true,
                      "fail": false,
                      "pending": false,
                      "context": null,
                      "code": "cy.alertNumber().contains('Whatsapp é Obrigatório');",
                      "err": {},
                      "uuid": "52c76f59-b184-454f-88b6-9ee154f7fa6a",
                      "parentUUID": "f6d0fe17-058c-4176-bfa2-cf4e63068a47",
                      "isHook": false,
                      "skipped": false
                    }
                  ],
                  "suites": [],
                  "passes": [
                    "52c76f59-b184-454f-88b6-9ee154f7fa6a"
                  ],
                  "failures": [],
                  "pending": [],
                  "skipped": [],
                  "duration": 1821,
                  "root": false,
                  "rootEmpty": false,
                  "_timeout": 2000
                },
                {
                  "uuid": "2bf41aff-caaf-4988-bbf9-652c71fcdec1",
                  "title": "Quando submeto o cadastro sem o assunto",
                  "fullFile": "",
                  "file": "",
                  "beforeHooks": [],
                  "afterHooks": [],
                  "tests": [
                    {
                      "title": "Deve deve mostrar uma notificação",
                      "fullTitle": "Cadastro de Contatos Novo Contato Quando submeto o cadastro sem o assunto Deve deve mostrar uma notificação",
                      "timedOut": null,
                      "duration": 1271,
                      "state": "passed",
                      "speed": "slow",
                      "pass": true,
                      "fail": false,
                      "pending": false,
                      "context": null,
                      "code": "cy.alertDesc().contains('Assunto é Obrigatório');",
                      "err": {},
                      "uuid": "49436d0b-dc84-4336-ae90-31133ae44f9e",
                      "parentUUID": "2bf41aff-caaf-4988-bbf9-652c71fcdec1",
                      "isHook": false,
                      "skipped": false
                    }
                  ],
                  "suites": [],
                  "passes": [
                    "49436d0b-dc84-4336-ae90-31133ae44f9e"
                  ],
                  "failures": [],
                  "pending": [],
                  "skipped": [],
                  "duration": 1271,
                  "root": false,
                  "rootEmpty": false,
                  "_timeout": 2000
                }
              ],
              "passes": [],
              "failures": [],
              "pending": [],
              "skipped": [],
              "duration": 0,
              "root": false,
              "rootEmpty": false,
              "_timeout": 2000
            }
          ],
          "passes": [],
          "failures": [],
          "pending": [],
          "skipped": [],
          "duration": 0,
          "root": false,
          "rootEmpty": false,
          "_timeout": 2000
        }
      ],
      "passes": [],
      "failures": [],
      "pending": [],
      "skipped": [],
      "duration": 0,
      "root": true,
      "rootEmpty": true,
      "_timeout": 2000
    }
  ],
  "meta": {
    "mocha": {
      "version": "8.1.3"
    },
    "mochawesome": {
      "options": {
        "quiet": false,
        "reportFilename": "mochawesome",
        "saveHtml": false,
        "saveJson": true,
        "consoleReporter": "spec",
        "useInlineDiffs": false,
        "code": true
      },
      "version": "6.1.1"
    },
    "marge": {
      "options": {
        "reportDir": "mochawesome-report",
        "overwrite": true,
        "html": false,
        "json": true,
        "timestamp": "mmddyyyy_HHMMss"
      },
      "version": "5.1.0"
    }
  }
}