{
  "stats": {
    "suites": 1,
    "tests": 0,
    "passes": 0,
    "pending": 0,
    "failures": 0,
    "start": "2020-12-15T23:05:50.805Z",
    "end": "2020-12-15T23:06:20.948Z",
    "duration": 30143,
    "testsRegistered": 4,
    "passPercent": 0,
    "pendingPercent": 0,
    "other": 1,
    "hasOther": true,
    "skipped": 4,
    "hasSkipped": true
  },
  "results": [
    {
      "uuid": "dfc5e11d-362a-47f3-9995-b4a192992a19",
      "title": "",
      "fullFile": "tests\\e2e\\specs\\contact_save_spec.js",
      "file": "tests\\e2e\\specs\\contact_save_spec.js",
      "beforeHooks": [],
      "afterHooks": [],
      "tests": [],
      "suites": [
        {
          "uuid": "9712df61-3b93-43e7-9425-89df81eba929",
          "title": "Cadastro de Contatos",
          "fullFile": "",
          "file": "",
          "beforeHooks": [],
          "afterHooks": [],
          "tests": [],
          "suites": [
            {
              "uuid": "2590630e-a557-4807-8d8d-adc31a6550fb",
              "title": "Novo Contato",
              "fullFile": "",
              "file": "",
              "beforeHooks": [],
              "afterHooks": [],
              "tests": [],
              "suites": [
                {
                  "uuid": "f8fb0168-6732-45be-b454-87131c8a8906",
                  "title": "Quando submeto o cadastro completo",
                  "fullFile": "",
                  "file": "",
                  "beforeHooks": [],
                  "afterHooks": [],
                  "tests": [
                    {
                      "title": "Deve cadastrar esse contato",
                      "fullTitle": "Cadastro de Contatos Novo Contato Quando submeto o cadastro completo Deve cadastrar esse contato",
                      "timedOut": null,
                      "duration": 30075,
                      "state": "failed",
                      "speed": null,
                      "pass": false,
                      "fail": true,
                      "pending": false,
                      "context": null,
                      "code": "cy.contactList().contains(contact.name);",
                      "err": {
                        "message": "CypressError: cy.request() timed out waiting 30000ms for a response from your server.\n\nThe request we sent was:\n\nMethod: POST\nURL: http://localhost:3000/user\n\nNo response was received within the timeout.\n\nBecause this error occurred during a 'before all' hook we are skipping the remaining tests in the current suite: 'Cadastro de Contatos'",
                        "estack": "CypressError: cy.request() timed out waiting 30000ms for a response from your server.\n\nThe request we sent was:\n\nMethod: POST\nURL: http://localhost:3000/user\n\nNo response was received within the timeout.\n\nBecause this error occurred during a 'before all' hook we are skipping the remaining tests in the current suite: 'Cadastro de Contatos'\n    at Object.cypressErr (http://localhost:8080/__cypress/runner/cypress_runner.js:86207:11)\n    at Object.throwErr (http://localhost:8080/__cypress/runner/cypress_runner.js:86162:18)\n    at Object.throwErrByPath (http://localhost:8080/__cypress/runner/cypress_runner.js:86194:17)\n    at http://localhost:8080/__cypress/runner/cypress_runner.js:72513:23\n    at tryCatcher (http://localhost:8080/__cypress/runner/cypress_runner.js:120203:23)\n    at http://localhost:8080/__cypress/runner/cypress_runner.js:115344:41\n    at tryCatcher (http://localhost:8080/__cypress/runner/cypress_runner.js:120203:23)\n    at Promise._settlePromiseFromHandler (http://localhost:8080/__cypress/runner/cypress_runner.js:118139:31)\n    at Promise._settlePromise (http://localhost:8080/__cypress/runner/cypress_runner.js:118196:18)\n    at Promise._settlePromise0 (http://localhost:8080/__cypress/runner/cypress_runner.js:118241:10)\n    at Promise._settlePromises (http://localhost:8080/__cypress/runner/cypress_runner.js:118316:18)\n    at Async../node_modules/bluebird/js/release/async.js.Async._drainQueue (http://localhost:8080/__cypress/runner/cypress_runner.js:114928:16)\n    at Async../node_modules/bluebird/js/release/async.js.Async._drainQueues (http://localhost:8080/__cypress/runner/cypress_runner.js:114938:10)\n    at Async.drainQueues (http://localhost:8080/__cypress/runner/cypress_runner.js:114812:14)",
                        "diff": null
                      },
                      "uuid": "4c0443a5-82dc-4df2-8271-2afb79e1c222",
                      "parentUUID": null,
                      "isHook": false,
                      "skipped": false
                    }
                  ],
                  "suites": [],
                  "passes": [],
                  "failures": [
                    "4c0443a5-82dc-4df2-8271-2afb79e1c222"
                  ],
                  "pending": [],
                  "skipped": [],
                  "duration": 30075,
                  "root": false,
                  "rootEmpty": false,
                  "_timeout": 2000
                },
                {
                  "uuid": "4a61b478-4201-4984-8dbf-4188813e450a",
                  "title": "Quando submeto o cadastro sem o nome",
                  "fullFile": "",
                  "file": "",
                  "beforeHooks": [],
                  "afterHooks": [],
                  "tests": [
                    {
                      "title": "Deve exibir a notificação: ${expectNotice}",
                      "fullTitle": "Cadastro de Contatos Novo Contato Quando submeto o cadastro sem o nome Deve exibir a notificação: ${expectNotice}",
                      "timedOut": null,
                      "duration": 0,
                      "state": "skipped",
                      "speed": null,
                      "pass": false,
                      "fail": false,
                      "pending": false,
                      "context": null,
                      "code": "cy.alertName().contains(expectNotice);",
                      "err": {},
                      "uuid": "a561771b-1193-48cf-bb3d-5b2e224e0ef1",
                      "parentUUID": null,
                      "isHook": false,
                      "skipped": true
                    }
                  ],
                  "suites": [],
                  "passes": [],
                  "failures": [],
                  "pending": [],
                  "skipped": [
                    "a561771b-1193-48cf-bb3d-5b2e224e0ef1"
                  ],
                  "duration": 0,
                  "root": false,
                  "rootEmpty": false,
                  "_timeout": 2000
                },
                {
                  "uuid": "3e8c2c3b-c552-4899-a873-c1f50f2da4e9",
                  "title": "Quando submeto o cadastro sem o whatsapp",
                  "fullFile": "",
                  "file": "",
                  "beforeHooks": [],
                  "afterHooks": [],
                  "tests": [
                    {
                      "title": "Deve exibir a notificação: ${expectNotice}",
                      "fullTitle": "Cadastro de Contatos Novo Contato Quando submeto o cadastro sem o whatsapp Deve exibir a notificação: ${expectNotice}",
                      "timedOut": null,
                      "duration": 0,
                      "state": "skipped",
                      "speed": null,
                      "pass": false,
                      "fail": false,
                      "pending": false,
                      "context": null,
                      "code": "cy.alertNumber().contains(expectNotice);",
                      "err": {},
                      "uuid": "b8a9b008-9213-4bde-acb7-54eb4d5fab81",
                      "parentUUID": null,
                      "isHook": false,
                      "skipped": true
                    }
                  ],
                  "suites": [],
                  "passes": [],
                  "failures": [],
                  "pending": [],
                  "skipped": [
                    "b8a9b008-9213-4bde-acb7-54eb4d5fab81"
                  ],
                  "duration": 0,
                  "root": false,
                  "rootEmpty": false,
                  "_timeout": 2000
                },
                {
                  "uuid": "3907e09d-62b7-4a1b-a4dc-e3b74dde39ea",
                  "title": "Quando submeto o cadastro sem o assunto",
                  "fullFile": "",
                  "file": "",
                  "beforeHooks": [],
                  "afterHooks": [],
                  "tests": [
                    {
                      "title": "Deve exibir a notificação: ${expectNotice}",
                      "fullTitle": "Cadastro de Contatos Novo Contato Quando submeto o cadastro sem o assunto Deve exibir a notificação: ${expectNotice}",
                      "timedOut": null,
                      "duration": 0,
                      "state": "skipped",
                      "speed": null,
                      "pass": false,
                      "fail": false,
                      "pending": false,
                      "context": null,
                      "code": "cy.alertDesc().contains(expectNotice);",
                      "err": {},
                      "uuid": "6a135c6b-9221-49e2-b388-afdd4ab3840e",
                      "parentUUID": null,
                      "isHook": false,
                      "skipped": true
                    }
                  ],
                  "suites": [],
                  "passes": [],
                  "failures": [],
                  "pending": [],
                  "skipped": [
                    "6a135c6b-9221-49e2-b388-afdd4ab3840e"
                  ],
                  "duration": 0,
                  "root": false,
                  "rootEmpty": false,
                  "_timeout": 2000
                }
              ],
              "passes": [],
              "failures": [],
              "pending": [],
              "skipped": [],
              "duration": 0,
              "root": false,
              "rootEmpty": false,
              "_timeout": 2000
            }
          ],
          "passes": [],
          "failures": [],
          "pending": [],
          "skipped": [],
          "duration": 0,
          "root": false,
          "rootEmpty": false,
          "_timeout": 2000
        }
      ],
      "passes": [],
      "failures": [],
      "pending": [],
      "skipped": [],
      "duration": 0,
      "root": true,
      "rootEmpty": true,
      "_timeout": 2000
    }
  ],
  "meta": {
    "mocha": {
      "version": "8.1.3"
    },
    "mochawesome": {
      "options": {
        "quiet": false,
        "reportFilename": "mochawesome",
        "saveHtml": false,
        "saveJson": true,
        "consoleReporter": "spec",
        "useInlineDiffs": false,
        "code": true
      },
      "version": "6.1.1"
    },
    "marge": {
      "options": {
        "reportDir": "mochawesome-report",
        "overwrite": true,
        "html": false,
        "json": true,
        "timestamp": "mmddyyyy_HHMMss"
      },
      "version": "5.1.0"
    }
  }
}