{
  "stats": {
    "suites": 1,
    "tests": 0,
    "passes": 0,
    "pending": 0,
    "failures": 0,
    "start": "2020-12-15T23:06:29.974Z",
    "end": "2020-12-15T23:07:00.144Z",
    "duration": 30170,
    "testsRegistered": 3,
    "passPercent": 0,
    "pendingPercent": 0,
    "other": 1,
    "hasOther": true,
    "skipped": 3,
    "hasSkipped": true
  },
  "results": [
    {
      "uuid": "2611efbf-6591-4aa0-b8d3-7876c060504d",
      "title": "",
      "fullFile": "tests\\e2e\\specs\\contact_search_spec.js",
      "file": "tests\\e2e\\specs\\contact_search_spec.js",
      "beforeHooks": [],
      "afterHooks": [],
      "tests": [],
      "suites": [
        {
          "uuid": "4f8f8a00-47fb-4dd6-8431-1b56a910bb9c",
          "title": "Busca",
          "fullFile": "",
          "file": "",
          "beforeHooks": [],
          "afterHooks": [],
          "tests": [],
          "suites": [
            {
              "uuid": "ed3ada4a-7cdc-48e3-961d-f8dabe1c9c03",
              "title": "Dado que eu tenho o seguinte contato Mike Portnoy",
              "fullFile": "",
              "file": "",
              "beforeHooks": [],
              "afterHooks": [],
              "tests": [
                {
                  "title": "Quando eu faço a busca desse contato",
                  "fullTitle": "Busca Dado que eu tenho o seguinte contato Mike Portnoy Quando eu faço a busca desse contato",
                  "timedOut": null,
                  "duration": 30110,
                  "state": "failed",
                  "speed": null,
                  "pass": false,
                  "fail": true,
                  "pending": false,
                  "context": null,
                  "code": "cy.dash();\ncy.searchContact(contact.number);\ncy.get('#loader', {\n  timeout: 5000\n}).should('not.visible');",
                  "err": {
                    "message": "CypressError: cy.request() timed out waiting 30000ms for a response from your server.\n\nThe request we sent was:\n\nMethod: POST\nURL: http://localhost:3000/user\n\nNo response was received within the timeout.\n\nBecause this error occurred during a 'before all' hook we are skipping the remaining tests in the current suite: 'Busca'",
                    "estack": "CypressError: cy.request() timed out waiting 30000ms for a response from your server.\n\nThe request we sent was:\n\nMethod: POST\nURL: http://localhost:3000/user\n\nNo response was received within the timeout.\n\nBecause this error occurred during a 'before all' hook we are skipping the remaining tests in the current suite: 'Busca'\n    at Object.cypressErr (http://localhost:8080/__cypress/runner/cypress_runner.js:86207:11)\n    at Object.throwErr (http://localhost:8080/__cypress/runner/cypress_runner.js:86162:18)\n    at Object.throwErrByPath (http://localhost:8080/__cypress/runner/cypress_runner.js:86194:17)\n    at http://localhost:8080/__cypress/runner/cypress_runner.js:72513:23\n    at tryCatcher (http://localhost:8080/__cypress/runner/cypress_runner.js:120203:23)\n    at http://localhost:8080/__cypress/runner/cypress_runner.js:115344:41\n    at tryCatcher (http://localhost:8080/__cypress/runner/cypress_runner.js:120203:23)\n    at Promise._settlePromiseFromHandler (http://localhost:8080/__cypress/runner/cypress_runner.js:118139:31)\n    at Promise._settlePromise (http://localhost:8080/__cypress/runner/cypress_runner.js:118196:18)\n    at Promise._settlePromise0 (http://localhost:8080/__cypress/runner/cypress_runner.js:118241:10)\n    at Promise._settlePromises (http://localhost:8080/__cypress/runner/cypress_runner.js:118316:18)\n    at Async../node_modules/bluebird/js/release/async.js.Async._drainQueue (http://localhost:8080/__cypress/runner/cypress_runner.js:114928:16)\n    at Async../node_modules/bluebird/js/release/async.js.Async._drainQueues (http://localhost:8080/__cypress/runner/cypress_runner.js:114938:10)\n    at Async.drainQueues (http://localhost:8080/__cypress/runner/cypress_runner.js:114812:14)",
                    "diff": null
                  },
                  "uuid": "f00b344f-4d9a-44b3-b91e-7cddf23eab4b",
                  "parentUUID": null,
                  "isHook": false,
                  "skipped": false
                },
                {
                  "title": "Devo ver somente este contato no dashboard",
                  "fullTitle": "Busca Dado que eu tenho o seguinte contato Mike Portnoy Devo ver somente este contato no dashboard",
                  "timedOut": null,
                  "duration": 0,
                  "state": "skipped",
                  "speed": null,
                  "pass": false,
                  "fail": false,
                  "pending": false,
                  "context": null,
                  "code": "cy.contactItem().should('have.length', 1);\ncy.contactItem().contains(contact.name);\ncy.contactItem().contains(contact.number);\ncy.contactItem().contains(contact.description);",
                  "err": {},
                  "uuid": "a0db4e8d-b659-4d8e-af9a-fdd6cf8be51b",
                  "parentUUID": null,
                  "isHook": false,
                  "skipped": true
                }
              ],
              "suites": [],
              "passes": [],
              "failures": [
                "f00b344f-4d9a-44b3-b91e-7cddf23eab4b"
              ],
              "pending": [],
              "skipped": [
                "a0db4e8d-b659-4d8e-af9a-fdd6cf8be51b"
              ],
              "duration": 30110,
              "root": false,
              "rootEmpty": false,
              "_timeout": 2000
            },
            {
              "uuid": "df99c4b9-0c99-4dd5-a59f-081e83f6f742",
              "title": "Dado busco por um contato não cadastrado",
              "fullFile": "",
              "file": "",
              "beforeHooks": [],
              "afterHooks": [],
              "tests": [
                {
                  "title": "Deve retornar mensagem de alerta",
                  "fullTitle": "Busca Dado busco por um contato não cadastrado Deve retornar mensagem de alerta",
                  "timedOut": null,
                  "duration": 0,
                  "state": "skipped",
                  "speed": null,
                  "pass": false,
                  "fail": false,
                  "pending": false,
                  "context": null,
                  "code": "cy.get('.message-body').contains('Contato não encontrado :(');",
                  "err": {},
                  "uuid": "40b8b17d-2dd5-4385-833d-b75c536a7f6c",
                  "parentUUID": null,
                  "isHook": false,
                  "skipped": true
                }
              ],
              "suites": [],
              "passes": [],
              "failures": [],
              "pending": [],
              "skipped": [
                "40b8b17d-2dd5-4385-833d-b75c536a7f6c"
              ],
              "duration": 0,
              "root": false,
              "rootEmpty": false,
              "_timeout": 2000
            }
          ],
          "passes": [],
          "failures": [],
          "pending": [],
          "skipped": [],
          "duration": 0,
          "root": false,
          "rootEmpty": false,
          "_timeout": 2000
        }
      ],
      "passes": [],
      "failures": [],
      "pending": [],
      "skipped": [],
      "duration": 0,
      "root": true,
      "rootEmpty": true,
      "_timeout": 2000
    }
  ],
  "meta": {
    "mocha": {
      "version": "8.1.3"
    },
    "mochawesome": {
      "options": {
        "quiet": false,
        "reportFilename": "mochawesome",
        "saveHtml": false,
        "saveJson": true,
        "consoleReporter": "spec",
        "useInlineDiffs": false,
        "code": true
      },
      "version": "6.1.1"
    },
    "marge": {
      "options": {
        "reportDir": "mochawesome-report",
        "overwrite": true,
        "html": false,
        "json": true,
        "timestamp": "mmddyyyy_HHMMss"
      },
      "version": "5.1.0"
    }
  }
}