{
  "stats": {
    "suites": 3,
    "tests": 3,
    "passes": 3,
    "pending": 0,
    "failures": 0,
    "start": "2020-12-15T22:23:47.912Z",
    "end": "2020-12-15T22:23:53.505Z",
    "duration": 5593,
    "testsRegistered": 3,
    "passPercent": 100,
    "pendingPercent": 0,
    "other": 0,
    "hasOther": false,
    "skipped": 0,
    "hasSkipped": false
  },
  "results": [
    {
      "uuid": "bad12194-c2a4-42fb-ac4d-a60657ac8fc7",
      "title": "",
      "fullFile": "tests\\e2e\\specs\\contact_search_spec.js",
      "file": "tests\\e2e\\specs\\contact_search_spec.js",
      "beforeHooks": [],
      "afterHooks": [],
      "tests": [],
      "suites": [
        {
          "uuid": "6ac607da-07c5-4094-8614-510efc710392",
          "title": "Busca",
          "fullFile": "",
          "file": "",
          "beforeHooks": [],
          "afterHooks": [],
          "tests": [],
          "suites": [
            {
              "uuid": "a8a1be5f-23cd-48e3-8d62-84be4adadc27",
              "title": "Dado que eu tenho o seguinte contato Mike Portnoy",
              "fullFile": "",
              "file": "",
              "beforeHooks": [],
              "afterHooks": [],
              "tests": [
                {
                  "title": "Quando eu faço a busca desse contato",
                  "fullTitle": "Busca Dado que eu tenho o seguinte contato Mike Portnoy Quando eu faço a busca desse contato",
                  "timedOut": null,
                  "duration": 2835,
                  "state": "passed",
                  "speed": "slow",
                  "pass": true,
                  "fail": false,
                  "pending": false,
                  "context": null,
                  "code": "cy.dash();\ncy.searchContact(contact.number);\ncy.get('#loader', {\n  timeout: 5000\n}).should('not.visible');",
                  "err": {},
                  "uuid": "a4206043-81b2-4dc1-bbfe-1e5ee1d6267f",
                  "parentUUID": "a8a1be5f-23cd-48e3-8d62-84be4adadc27",
                  "isHook": false,
                  "skipped": false
                },
                {
                  "title": "Devo ver somente este contato no dashboard",
                  "fullTitle": "Busca Dado que eu tenho o seguinte contato Mike Portnoy Devo ver somente este contato no dashboard",
                  "timedOut": null,
                  "duration": 58,
                  "state": "passed",
                  "speed": "medium",
                  "pass": true,
                  "fail": false,
                  "pending": false,
                  "context": null,
                  "code": "cy.contactItem().should('have.length', 1);\ncy.contactItem().contains(contact.name);\ncy.contactItem().contains(contact.number);\ncy.contactItem().contains(contact.description);",
                  "err": {},
                  "uuid": "a2392dcd-bccc-4d88-9697-9ca4fe671ce1",
                  "parentUUID": "a8a1be5f-23cd-48e3-8d62-84be4adadc27",
                  "isHook": false,
                  "skipped": false
                }
              ],
              "suites": [],
              "passes": [
                "a4206043-81b2-4dc1-bbfe-1e5ee1d6267f",
                "a2392dcd-bccc-4d88-9697-9ca4fe671ce1"
              ],
              "failures": [],
              "pending": [],
              "skipped": [],
              "duration": 2893,
              "root": false,
              "rootEmpty": false,
              "_timeout": 2000
            },
            {
              "uuid": "4a1c3990-a924-4935-8442-485bddc3f611",
              "title": "Dado busco por um contato não cadastrado",
              "fullFile": "",
              "file": "",
              "beforeHooks": [],
              "afterHooks": [],
              "tests": [
                {
                  "title": "Deve retornar mensagem de alerta",
                  "fullTitle": "Busca Dado busco por um contato não cadastrado Deve retornar mensagem de alerta",
                  "timedOut": null,
                  "duration": 861,
                  "state": "passed",
                  "speed": "slow",
                  "pass": true,
                  "fail": false,
                  "pending": false,
                  "context": null,
                  "code": "cy.get('.message-body').contains('Contato não encontrado :(');",
                  "err": {},
                  "uuid": "2d70585a-0bc2-4b5c-81ee-23dabd89e1a8",
                  "parentUUID": "4a1c3990-a924-4935-8442-485bddc3f611",
                  "isHook": false,
                  "skipped": false
                }
              ],
              "suites": [],
              "passes": [
                "2d70585a-0bc2-4b5c-81ee-23dabd89e1a8"
              ],
              "failures": [],
              "pending": [],
              "skipped": [],
              "duration": 861,
              "root": false,
              "rootEmpty": false,
              "_timeout": 2000
            }
          ],
          "passes": [],
          "failures": [],
          "pending": [],
          "skipped": [],
          "duration": 0,
          "root": false,
          "rootEmpty": false,
          "_timeout": 2000
        }
      ],
      "passes": [],
      "failures": [],
      "pending": [],
      "skipped": [],
      "duration": 0,
      "root": true,
      "rootEmpty": true,
      "_timeout": 2000
    }
  ],
  "meta": {
    "mocha": {
      "version": "8.1.3"
    },
    "mochawesome": {
      "options": {
        "quiet": false,
        "reportFilename": "mochawesome",
        "saveHtml": false,
        "saveJson": true,
        "consoleReporter": "spec",
        "useInlineDiffs": false,
        "code": true
      },
      "version": "6.1.1"
    },
    "marge": {
      "options": {
        "reportDir": "mochawesome-report",
        "overwrite": true,
        "html": false,
        "json": true,
        "timestamp": "mmddyyyy_HHMMss"
      },
      "version": "5.1.0"
    }
  }
}