{
  "stats": {
    "suites": 2,
    "tests": 2,
    "passes": 2,
    "pending": 0,
    "failures": 0,
    "start": "2020-12-15T23:53:42.616Z",
    "end": "2020-12-15T23:53:46.097Z",
    "duration": 3481,
    "testsRegistered": 2,
    "passPercent": 100,
    "pendingPercent": 0,
    "other": 0,
    "hasOther": false,
    "skipped": 0,
    "hasSkipped": false
  },
  "results": [
    {
      "uuid": "4e16d936-0049-4539-9598-e1c05ddbb2b1",
      "title": "",
      "fullFile": "tests\\e2e\\specs\\contact_talk_spec.js",
      "file": "tests\\e2e\\specs\\contact_talk_spec.js",
      "beforeHooks": [],
      "afterHooks": [],
      "tests": [],
      "suites": [
        {
          "uuid": "efc05643-b27a-4915-9ce0-9a4bd095cb14",
          "title": "Conversar",
          "fullFile": "",
          "file": "",
          "beforeHooks": [],
          "afterHooks": [],
          "tests": [],
          "suites": [
            {
              "uuid": "b6e56912-3540-4ca1-be07-6551cb2a463c",
              "title": "Dado que Jo Jo Todynho é um bom contato",
              "fullFile": "",
              "file": "",
              "beforeHooks": [],
              "afterHooks": [],
              "tests": [
                {
                  "title": "Quando acesso o dashboard",
                  "fullTitle": "Conversar Dado que Jo Jo Todynho é um bom contato Quando acesso o dashboard",
                  "timedOut": null,
                  "duration": 2066,
                  "state": "passed",
                  "speed": "slow",
                  "pass": true,
                  "fail": false,
                  "pending": false,
                  "context": "\"assets/screenshots/contact_talk_spec.js/Quando acesso o dashboard -- after each hook.png\"",
                  "code": "cy.dash();",
                  "err": {},
                  "uuid": "1b5ab981-9d9a-49e6-a62a-598fe87e1c82",
                  "parentUUID": "b6e56912-3540-4ca1-be07-6551cb2a463c",
                  "isHook": false,
                  "skipped": false
                },
                {
                  "title": "Devo ver a propriedade href com o link do whatsapp web",
                  "fullTitle": "Conversar Dado que Jo Jo Todynho é um bom contato Devo ver a propriedade href com o link do whatsapp web",
                  "timedOut": null,
                  "duration": 26,
                  "state": "passed",
                  "speed": "fast",
                  "pass": true,
                  "fail": false,
                  "pending": false,
                  "context": "\"assets/screenshots/contact_talk_spec.js/Devo ver a propriedade href com o link do whatsapp web -- after each hook.png\"",
                  "code": "var externalLink = \"https://api.whatsapp.com/send?phone=55\".concat(contact.number);\ncy.get(\"a[href$=\\\"\".concat(contact.number, \"\\\"]\")).should('have.attr', 'href', externalLink);",
                  "err": {},
                  "uuid": "86e7982c-2877-4860-a127-3ea4eac82bf1",
                  "parentUUID": "b6e56912-3540-4ca1-be07-6551cb2a463c",
                  "isHook": false,
                  "skipped": false
                }
              ],
              "suites": [],
              "passes": [
                "1b5ab981-9d9a-49e6-a62a-598fe87e1c82",
                "86e7982c-2877-4860-a127-3ea4eac82bf1"
              ],
              "failures": [],
              "pending": [],
              "skipped": [],
              "duration": 2092,
              "root": false,
              "rootEmpty": false,
              "_timeout": 2000
            }
          ],
          "passes": [],
          "failures": [],
          "pending": [],
          "skipped": [],
          "duration": 0,
          "root": false,
          "rootEmpty": false,
          "_timeout": 2000
        }
      ],
      "passes": [],
      "failures": [],
      "pending": [],
      "skipped": [],
      "duration": 0,
      "root": true,
      "rootEmpty": true,
      "_timeout": 2000
    }
  ],
  "meta": {
    "mocha": {
      "version": "8.1.3"
    },
    "mochawesome": {
      "options": {
        "quiet": false,
        "reportFilename": "mochawesome",
        "saveHtml": false,
        "saveJson": true,
        "consoleReporter": "spec",
        "useInlineDiffs": false,
        "code": true
      },
      "version": "6.1.1"
    },
    "marge": {
      "options": {
        "reportDir": "mochawesome-report",
        "overwrite": true,
        "html": false,
        "json": true,
        "timestamp": "mmddyyyy_HHMMss"
      },
      "version": "5.1.0"
    }
  }
}