{
  "stats": {
    "suites": 2,
    "tests": 2,
    "passes": 2,
    "pending": 0,
    "failures": 0,
    "start": "2020-12-15T23:53:03.511Z",
    "end": "2020-12-15T23:53:07.709Z",
    "duration": 4198,
    "testsRegistered": 2,
    "passPercent": 100,
    "pendingPercent": 0,
    "other": 0,
    "hasOther": false,
    "skipped": 0,
    "hasSkipped": false
  },
  "results": [
    {
      "uuid": "4a982a26-05ca-4d80-b027-f157eb657d37",
      "title": "",
      "fullFile": "tests\\e2e\\specs\\contact_remove_spec.js",
      "file": "tests\\e2e\\specs\\contact_remove_spec.js",
      "beforeHooks": [],
      "afterHooks": [],
      "tests": [],
      "suites": [
        {
          "uuid": "168e3b09-e529-4872-a835-fc641a9a6313",
          "title": "Remover Contato",
          "fullFile": "",
          "file": "",
          "beforeHooks": [],
          "afterHooks": [],
          "tests": [],
          "suites": [
            {
              "uuid": "51bd8f90-223f-425b-85cc-c3610f4af957",
              "title": "Dado que Paulo Gilberto é um contato indesejado",
              "fullFile": "",
              "file": "",
              "beforeHooks": [],
              "afterHooks": [],
              "tests": [
                {
                  "title": "Quando eu apago esse contato",
                  "fullTitle": "Remover Contato Dado que Paulo Gilberto é um contato indesejado Quando eu apago esse contato",
                  "timedOut": null,
                  "duration": 2630,
                  "state": "passed",
                  "speed": "slow",
                  "pass": true,
                  "fail": false,
                  "pending": false,
                  "context": "\"assets/screenshots/contact_remove_spec.js/Quando eu apago esse contato -- after each hook.png\"",
                  "code": "cy.dash();\ncy.removeContact(contact.number);",
                  "err": {},
                  "uuid": "2437c40d-822b-440c-b58d-355b2a5313cc",
                  "parentUUID": "51bd8f90-223f-425b-85cc-c3610f4af957",
                  "isHook": false,
                  "skipped": false
                },
                {
                  "title": "Não deve exibir no dashboard",
                  "fullTitle": "Remover Contato Dado que Paulo Gilberto é um contato indesejado Não deve exibir no dashboard",
                  "timedOut": null,
                  "duration": 24,
                  "state": "passed",
                  "speed": "fast",
                  "pass": true,
                  "fail": false,
                  "pending": false,
                  "context": "\"assets/screenshots/contact_remove_spec.js/Não deve exibir no dashboard -- after each hook.png\"",
                  "code": "cy.getContact(contact.number).should('not.visible');",
                  "err": {},
                  "uuid": "a68dcf80-5e83-4be0-9acb-3011386f0248",
                  "parentUUID": "51bd8f90-223f-425b-85cc-c3610f4af957",
                  "isHook": false,
                  "skipped": false
                }
              ],
              "suites": [],
              "passes": [
                "2437c40d-822b-440c-b58d-355b2a5313cc",
                "a68dcf80-5e83-4be0-9acb-3011386f0248"
              ],
              "failures": [],
              "pending": [],
              "skipped": [],
              "duration": 2654,
              "root": false,
              "rootEmpty": false,
              "_timeout": 2000
            }
          ],
          "passes": [],
          "failures": [],
          "pending": [],
          "skipped": [],
          "duration": 0,
          "root": false,
          "rootEmpty": false,
          "_timeout": 2000
        }
      ],
      "passes": [],
      "failures": [],
      "pending": [],
      "skipped": [],
      "duration": 0,
      "root": true,
      "rootEmpty": true,
      "_timeout": 2000
    }
  ],
  "meta": {
    "mocha": {
      "version": "8.1.3"
    },
    "mochawesome": {
      "options": {
        "quiet": false,
        "reportFilename": "mochawesome",
        "saveHtml": false,
        "saveJson": true,
        "consoleReporter": "spec",
        "useInlineDiffs": false,
        "code": true
      },
      "version": "6.1.1"
    },
    "marge": {
      "options": {
        "reportDir": "mochawesome-report",
        "overwrite": true,
        "html": false,
        "json": true,
        "timestamp": "mmddyyyy_HHMMss"
      },
      "version": "5.1.0"
    }
  }
}