{
  "stats": {
    "suites": 1,
    "tests": 0,
    "passes": 0,
    "pending": 0,
    "failures": 0,
    "start": "2020-12-15T23:05:06.485Z",
    "end": "2020-12-15T23:05:36.655Z",
    "duration": 30170,
    "testsRegistered": 2,
    "passPercent": 0,
    "pendingPercent": 0,
    "other": 1,
    "hasOther": true,
    "skipped": 2,
    "hasSkipped": true
  },
  "results": [
    {
      "uuid": "b0dd8f83-05a8-47cf-9313-3cc7cfd56fe2",
      "title": "",
      "fullFile": "tests\\e2e\\specs\\contact_remove_spec.js",
      "file": "tests\\e2e\\specs\\contact_remove_spec.js",
      "beforeHooks": [],
      "afterHooks": [],
      "tests": [],
      "suites": [
        {
          "uuid": "60e5fd03-4dc2-4075-b837-d38d211bd8b3",
          "title": "Remover Contato",
          "fullFile": "",
          "file": "",
          "beforeHooks": [],
          "afterHooks": [],
          "tests": [],
          "suites": [
            {
              "uuid": "12baf274-4ed5-41c7-8f68-15fec510ea6b",
              "title": "Dado que Paulo Gilberto é um contato indesejado",
              "fullFile": "",
              "file": "",
              "beforeHooks": [],
              "afterHooks": [],
              "tests": [
                {
                  "title": "Quando eu apago esse contato",
                  "fullTitle": "Remover Contato Dado que Paulo Gilberto é um contato indesejado Quando eu apago esse contato",
                  "timedOut": null,
                  "duration": 30120,
                  "state": "failed",
                  "speed": null,
                  "pass": false,
                  "fail": true,
                  "pending": false,
                  "context": null,
                  "code": "cy.dash();\ncy.removeContact(contact.number);",
                  "err": {
                    "message": "CypressError: cy.request() timed out waiting 30000ms for a response from your server.\n\nThe request we sent was:\n\nMethod: POST\nURL: http://localhost:3000/user\n\nNo response was received within the timeout.\n\nBecause this error occurred during a 'before all' hook we are skipping the remaining tests in the current suite: 'Remover Contato'",
                    "estack": "CypressError: cy.request() timed out waiting 30000ms for a response from your server.\n\nThe request we sent was:\n\nMethod: POST\nURL: http://localhost:3000/user\n\nNo response was received within the timeout.\n\nBecause this error occurred during a 'before all' hook we are skipping the remaining tests in the current suite: 'Remover Contato'\n    at Object.cypressErr (http://localhost:8080/__cypress/runner/cypress_runner.js:86207:11)\n    at Object.throwErr (http://localhost:8080/__cypress/runner/cypress_runner.js:86162:18)\n    at Object.throwErrByPath (http://localhost:8080/__cypress/runner/cypress_runner.js:86194:17)\n    at http://localhost:8080/__cypress/runner/cypress_runner.js:72513:23\n    at tryCatcher (http://localhost:8080/__cypress/runner/cypress_runner.js:120203:23)\n    at http://localhost:8080/__cypress/runner/cypress_runner.js:115344:41\n    at tryCatcher (http://localhost:8080/__cypress/runner/cypress_runner.js:120203:23)\n    at Promise._settlePromiseFromHandler (http://localhost:8080/__cypress/runner/cypress_runner.js:118139:31)\n    at Promise._settlePromise (http://localhost:8080/__cypress/runner/cypress_runner.js:118196:18)\n    at Promise._settlePromise0 (http://localhost:8080/__cypress/runner/cypress_runner.js:118241:10)\n    at Promise._settlePromises (http://localhost:8080/__cypress/runner/cypress_runner.js:118316:18)\n    at Async../node_modules/bluebird/js/release/async.js.Async._drainQueue (http://localhost:8080/__cypress/runner/cypress_runner.js:114928:16)\n    at Async../node_modules/bluebird/js/release/async.js.Async._drainQueues (http://localhost:8080/__cypress/runner/cypress_runner.js:114938:10)\n    at Async.drainQueues (http://localhost:8080/__cypress/runner/cypress_runner.js:114812:14)",
                    "diff": null
                  },
                  "uuid": "4531930a-c2fa-4d3e-b4b9-0cca1a981f4f",
                  "parentUUID": null,
                  "isHook": false,
                  "skipped": false
                },
                {
                  "title": "Não deve exibir no dashboard",
                  "fullTitle": "Remover Contato Dado que Paulo Gilberto é um contato indesejado Não deve exibir no dashboard",
                  "timedOut": null,
                  "duration": 0,
                  "state": "skipped",
                  "speed": null,
                  "pass": false,
                  "fail": false,
                  "pending": false,
                  "context": null,
                  "code": "cy.getContact(contact.number).should('not.visible');",
                  "err": {},
                  "uuid": "5b45cd66-0266-4d18-a0ae-676347c07c7e",
                  "parentUUID": null,
                  "isHook": false,
                  "skipped": true
                }
              ],
              "suites": [],
              "passes": [],
              "failures": [
                "4531930a-c2fa-4d3e-b4b9-0cca1a981f4f"
              ],
              "pending": [],
              "skipped": [
                "5b45cd66-0266-4d18-a0ae-676347c07c7e"
              ],
              "duration": 30120,
              "root": false,
              "rootEmpty": false,
              "_timeout": 2000
            }
          ],
          "passes": [],
          "failures": [],
          "pending": [],
          "skipped": [],
          "duration": 0,
          "root": false,
          "rootEmpty": false,
          "_timeout": 2000
        }
      ],
      "passes": [],
      "failures": [],
      "pending": [],
      "skipped": [],
      "duration": 0,
      "root": true,
      "rootEmpty": true,
      "_timeout": 2000
    }
  ],
  "meta": {
    "mocha": {
      "version": "8.1.3"
    },
    "mochawesome": {
      "options": {
        "quiet": false,
        "reportFilename": "mochawesome",
        "saveHtml": false,
        "saveJson": true,
        "consoleReporter": "spec",
        "useInlineDiffs": false,
        "code": true
      },
      "version": "6.1.1"
    },
    "marge": {
      "options": {
        "reportDir": "mochawesome-report",
        "overwrite": true,
        "html": false,
        "json": true,
        "timestamp": "mmddyyyy_HHMMss"
      },
      "version": "5.1.0"
    }
  }
}