{
  "stats": {
    "suites": 6,
    "tests": 4,
    "passes": 1,
    "pending": 0,
    "failures": 3,
    "start": "2020-12-15T23:09:49.754Z",
    "end": "2020-12-15T23:10:13.852Z",
    "duration": 24098,
    "testsRegistered": 4,
    "passPercent": 25,
    "pendingPercent": 0,
    "other": 0,
    "hasOther": false,
    "skipped": 0,
    "hasSkipped": false
  },
  "results": [
    {
      "uuid": "b87c4bb6-8681-45fc-9e26-19fd6ab85963",
      "title": "",
      "fullFile": "tests\\e2e\\specs\\contact_save_spec.js",
      "file": "tests\\e2e\\specs\\contact_save_spec.js",
      "beforeHooks": [],
      "afterHooks": [],
      "tests": [],
      "suites": [
        {
          "uuid": "425b6781-f487-4cad-841f-c948d3539916",
          "title": "Cadastro de Contatos",
          "fullFile": "",
          "file": "",
          "beforeHooks": [],
          "afterHooks": [],
          "tests": [],
          "suites": [
            {
              "uuid": "dd1140d7-f6c0-45a8-a65c-82d32e7bb2bb",
              "title": "Novo Contato",
              "fullFile": "",
              "file": "",
              "beforeHooks": [],
              "afterHooks": [],
              "tests": [],
              "suites": [
                {
                  "uuid": "7dbe72fd-b1bf-4465-a9f5-f2f8c609ed0f",
                  "title": "Quando submeto o cadastro completo",
                  "fullFile": "",
                  "file": "",
                  "beforeHooks": [],
                  "afterHooks": [],
                  "tests": [
                    {
                      "title": "Deve cadastrar esse contato",
                      "fullTitle": "Cadastro de Contatos Novo Contato Quando submeto o cadastro completo Deve cadastrar esse contato",
                      "timedOut": null,
                      "duration": 3887,
                      "state": "passed",
                      "speed": "slow",
                      "pass": true,
                      "fail": false,
                      "pending": false,
                      "context": null,
                      "code": "cy.contactList().contains(contact.name);",
                      "err": {},
                      "uuid": "493f5c96-a4fb-4afb-894d-8d54fef6682c",
                      "parentUUID": "7dbe72fd-b1bf-4465-a9f5-f2f8c609ed0f",
                      "isHook": false,
                      "skipped": false
                    }
                  ],
                  "suites": [],
                  "passes": [
                    "493f5c96-a4fb-4afb-894d-8d54fef6682c"
                  ],
                  "failures": [],
                  "pending": [],
                  "skipped": [],
                  "duration": 3887,
                  "root": false,
                  "rootEmpty": false,
                  "_timeout": 2000
                },
                {
                  "uuid": "3ef70c8c-ffc4-4acd-bb4b-4035d5007b66",
                  "title": "Quando submeto o cadastro sem o nome",
                  "fullFile": "",
                  "file": "",
                  "beforeHooks": [],
                  "afterHooks": [],
                  "tests": [
                    {
                      "title": "Deve exibir a notificação: ${expectNotice}",
                      "fullTitle": "Cadastro de Contatos Novo Contato Quando submeto o cadastro sem o nome Deve exibir a notificação: ${expectNotice}",
                      "timedOut": null,
                      "duration": 5778,
                      "state": "failed",
                      "speed": null,
                      "pass": false,
                      "fail": true,
                      "pending": false,
                      "context": null,
                      "code": "cy.alertName().contains(expectNotice);",
                      "err": {
                        "message": "CypressError: Timed out retrying: Expected to find content: 'Nome é obrigatório' within the element: <small.has-text-danger> but never did.",
                        "estack": "CypressError: Timed out retrying: Expected to find content: 'Nome é obrigatório' within the element: <small.has-text-danger> but never did.\n    at Object.cypressErr (http://localhost:8080/__cypress/runner/cypress_runner.js:86207:11)\n    at Object.throwErr (http://localhost:8080/__cypress/runner/cypress_runner.js:86162:18)\n    at Object.throwErrByPath (http://localhost:8080/__cypress/runner/cypress_runner.js:86194:17)\n    at retry (http://localhost:8080/__cypress/runner/cypress_runner.js:76849:16)\n    at onFailFn (http://localhost:8080/__cypress/runner/cypress_runner.js:65634:16)\n    at tryCatcher (http://localhost:8080/__cypress/runner/cypress_runner.js:120203:23)\n    at Promise._settlePromiseFromHandler (http://localhost:8080/__cypress/runner/cypress_runner.js:118139:31)\n    at Promise._settlePromise (http://localhost:8080/__cypress/runner/cypress_runner.js:118196:18)\n    at Promise._settlePromise0 (http://localhost:8080/__cypress/runner/cypress_runner.js:118241:10)\n    at Promise._settlePromises (http://localhost:8080/__cypress/runner/cypress_runner.js:118316:18)\n    at Async../node_modules/bluebird/js/release/async.js.Async._drainQueue (http://localhost:8080/__cypress/runner/cypress_runner.js:114928:16)\n    at Async../node_modules/bluebird/js/release/async.js.Async._drainQueues (http://localhost:8080/__cypress/runner/cypress_runner.js:114938:10)\n    at Async.drainQueues (http://localhost:8080/__cypress/runner/cypress_runner.js:114812:14)",
                        "diff": null
                      },
                      "uuid": "8f4feee2-1bfb-4855-aad0-dd79e04a1c1d",
                      "parentUUID": "3ef70c8c-ffc4-4acd-bb4b-4035d5007b66",
                      "isHook": false,
                      "skipped": false
                    }
                  ],
                  "suites": [],
                  "passes": [],
                  "failures": [
                    "8f4feee2-1bfb-4855-aad0-dd79e04a1c1d"
                  ],
                  "pending": [],
                  "skipped": [],
                  "duration": 5778,
                  "root": false,
                  "rootEmpty": false,
                  "_timeout": 2000
                },
                {
                  "uuid": "3e84570c-70d5-4bbe-8c9f-d143a4ebdc67",
                  "title": "Quando submeto o cadastro sem o whatsapp",
                  "fullFile": "",
                  "file": "",
                  "beforeHooks": [],
                  "afterHooks": [],
                  "tests": [
                    {
                      "title": "Deve exibir a notificação: ${expectNotice}",
                      "fullTitle": "Cadastro de Contatos Novo Contato Quando submeto o cadastro sem o whatsapp Deve exibir a notificação: ${expectNotice}",
                      "timedOut": null,
                      "duration": 6186,
                      "state": "failed",
                      "speed": null,
                      "pass": false,
                      "fail": true,
                      "pending": false,
                      "context": null,
                      "code": "cy.alertNumber().contains(expectNotice);",
                      "err": {
                        "message": "CypressError: Timed out retrying: Expected to find content: 'WhatsApp é obrigatório' within the element: <small.has-text-danger> but never did.",
                        "estack": "CypressError: Timed out retrying: Expected to find content: 'WhatsApp é obrigatório' within the element: <small.has-text-danger> but never did.\n    at Object.cypressErr (http://localhost:8080/__cypress/runner/cypress_runner.js:86207:11)\n    at Object.throwErr (http://localhost:8080/__cypress/runner/cypress_runner.js:86162:18)\n    at Object.throwErrByPath (http://localhost:8080/__cypress/runner/cypress_runner.js:86194:17)\n    at retry (http://localhost:8080/__cypress/runner/cypress_runner.js:76849:16)\n    at onFailFn (http://localhost:8080/__cypress/runner/cypress_runner.js:65634:16)\n    at tryCatcher (http://localhost:8080/__cypress/runner/cypress_runner.js:120203:23)\n    at Promise._settlePromiseFromHandler (http://localhost:8080/__cypress/runner/cypress_runner.js:118139:31)\n    at Promise._settlePromise (http://localhost:8080/__cypress/runner/cypress_runner.js:118196:18)\n    at Promise._settlePromise0 (http://localhost:8080/__cypress/runner/cypress_runner.js:118241:10)\n    at Promise._settlePromises (http://localhost:8080/__cypress/runner/cypress_runner.js:118316:18)\n    at Async../node_modules/bluebird/js/release/async.js.Async._drainQueue (http://localhost:8080/__cypress/runner/cypress_runner.js:114928:16)\n    at Async../node_modules/bluebird/js/release/async.js.Async._drainQueues (http://localhost:8080/__cypress/runner/cypress_runner.js:114938:10)\n    at Async.drainQueues (http://localhost:8080/__cypress/runner/cypress_runner.js:114812:14)",
                        "diff": null
                      },
                      "uuid": "bf4064a2-bd9c-460f-9f64-4695a0b471b4",
                      "parentUUID": "3e84570c-70d5-4bbe-8c9f-d143a4ebdc67",
                      "isHook": false,
                      "skipped": false
                    }
                  ],
                  "suites": [],
                  "passes": [],
                  "failures": [
                    "bf4064a2-bd9c-460f-9f64-4695a0b471b4"
                  ],
                  "pending": [],
                  "skipped": [],
                  "duration": 6186,
                  "root": false,
                  "rootEmpty": false,
                  "_timeout": 2000
                },
                {
                  "uuid": "e799519a-ae0a-4089-8af0-e07c150bca4f",
                  "title": "Quando submeto o cadastro sem o assunto",
                  "fullFile": "",
                  "file": "",
                  "beforeHooks": [],
                  "afterHooks": [],
                  "tests": [
                    {
                      "title": "Deve exibir a notificação: ${expectNotice}",
                      "fullTitle": "Cadastro de Contatos Novo Contato Quando submeto o cadastro sem o assunto Deve exibir a notificação: ${expectNotice}",
                      "timedOut": null,
                      "duration": 5389,
                      "state": "failed",
                      "speed": null,
                      "pass": false,
                      "fail": true,
                      "pending": false,
                      "context": null,
                      "code": "cy.alertDesc().contains(expectNotice);",
                      "err": {
                        "message": "CypressError: Timed out retrying: Expected to find content: 'Assunto é obrigatório.' within the element: <small.has-text-danger> but never did.",
                        "estack": "CypressError: Timed out retrying: Expected to find content: 'Assunto é obrigatório.' within the element: <small.has-text-danger> but never did.\n    at Object.cypressErr (http://localhost:8080/__cypress/runner/cypress_runner.js:86207:11)\n    at Object.throwErr (http://localhost:8080/__cypress/runner/cypress_runner.js:86162:18)\n    at Object.throwErrByPath (http://localhost:8080/__cypress/runner/cypress_runner.js:86194:17)\n    at retry (http://localhost:8080/__cypress/runner/cypress_runner.js:76849:16)\n    at onFailFn (http://localhost:8080/__cypress/runner/cypress_runner.js:65634:16)\n    at tryCatcher (http://localhost:8080/__cypress/runner/cypress_runner.js:120203:23)\n    at Promise._settlePromiseFromHandler (http://localhost:8080/__cypress/runner/cypress_runner.js:118139:31)\n    at Promise._settlePromise (http://localhost:8080/__cypress/runner/cypress_runner.js:118196:18)\n    at Promise._settlePromise0 (http://localhost:8080/__cypress/runner/cypress_runner.js:118241:10)\n    at Promise._settlePromises (http://localhost:8080/__cypress/runner/cypress_runner.js:118316:18)\n    at Async../node_modules/bluebird/js/release/async.js.Async._drainQueue (http://localhost:8080/__cypress/runner/cypress_runner.js:114928:16)\n    at Async../node_modules/bluebird/js/release/async.js.Async._drainQueues (http://localhost:8080/__cypress/runner/cypress_runner.js:114938:10)\n    at Async.drainQueues (http://localhost:8080/__cypress/runner/cypress_runner.js:114812:14)",
                        "diff": null
                      },
                      "uuid": "acc55568-7653-4a2c-9214-0d08b0364880",
                      "parentUUID": "e799519a-ae0a-4089-8af0-e07c150bca4f",
                      "isHook": false,
                      "skipped": false
                    }
                  ],
                  "suites": [],
                  "passes": [],
                  "failures": [
                    "acc55568-7653-4a2c-9214-0d08b0364880"
                  ],
                  "pending": [],
                  "skipped": [],
                  "duration": 5389,
                  "root": false,
                  "rootEmpty": false,
                  "_timeout": 2000
                }
              ],
              "passes": [],
              "failures": [],
              "pending": [],
              "skipped": [],
              "duration": 0,
              "root": false,
              "rootEmpty": false,
              "_timeout": 2000
            }
          ],
          "passes": [],
          "failures": [],
          "pending": [],
          "skipped": [],
          "duration": 0,
          "root": false,
          "rootEmpty": false,
          "_timeout": 2000
        }
      ],
      "passes": [],
      "failures": [],
      "pending": [],
      "skipped": [],
      "duration": 0,
      "root": true,
      "rootEmpty": true,
      "_timeout": 2000
    }
  ],
  "meta": {
    "mocha": {
      "version": "8.1.3"
    },
    "mochawesome": {
      "options": {
        "quiet": false,
        "reportFilename": "mochawesome",
        "saveHtml": false,
        "saveJson": true,
        "consoleReporter": "spec",
        "useInlineDiffs": false,
        "code": true
      },
      "version": "6.1.1"
    },
    "marge": {
      "options": {
        "reportDir": "mochawesome-report",
        "overwrite": true,
        "html": false,
        "json": true,
        "timestamp": "mmddyyyy_HHMMss"
      },
      "version": "5.1.0"
    }
  }
}