{
  "stats": {
    "suites": 3,
    "tests": 3,
    "passes": 3,
    "pending": 0,
    "failures": 0,
    "start": "2020-12-15T23:53:33.086Z",
    "end": "2020-12-15T23:53:38.198Z",
    "duration": 5112,
    "testsRegistered": 3,
    "passPercent": 100,
    "pendingPercent": 0,
    "other": 0,
    "hasOther": false,
    "skipped": 0,
    "hasSkipped": false
  },
  "results": [
    {
      "uuid": "bae8c2ce-e205-49ac-909b-4375c015aceb",
      "title": "",
      "fullFile": "tests\\e2e\\specs\\contact_search_spec.js",
      "file": "tests\\e2e\\specs\\contact_search_spec.js",
      "beforeHooks": [],
      "afterHooks": [],
      "tests": [],
      "suites": [
        {
          "uuid": "2d061204-5088-488f-92d5-ad99d40642d9",
          "title": "Busca",
          "fullFile": "",
          "file": "",
          "beforeHooks": [],
          "afterHooks": [],
          "tests": [],
          "suites": [
            {
              "uuid": "b0e56e55-c5f3-466b-95b2-84c99e66f50b",
              "title": "Dado que eu tenho o seguinte contato Mike Portnoy",
              "fullFile": "",
              "file": "",
              "beforeHooks": [],
              "afterHooks": [],
              "tests": [
                {
                  "title": "Quando eu faço a busca desse contato",
                  "fullTitle": "Busca Dado que eu tenho o seguinte contato Mike Portnoy Quando eu faço a busca desse contato",
                  "timedOut": null,
                  "duration": 2627,
                  "state": "passed",
                  "speed": "slow",
                  "pass": true,
                  "fail": false,
                  "pending": false,
                  "context": "\"assets/screenshots/contact_search_spec.js/Quando eu faço a busca desse contato -- after each hook.png\"",
                  "code": "cy.dash();\ncy.searchContact(contact.number);\ncy.get('#loader', {\n  timeout: 5000\n}).should('not.visible');",
                  "err": {},
                  "uuid": "b22b3911-4f44-451f-b80c-4c760e615c90",
                  "parentUUID": "b0e56e55-c5f3-466b-95b2-84c99e66f50b",
                  "isHook": false,
                  "skipped": false
                },
                {
                  "title": "Devo ver somente este contato no dashboard",
                  "fullTitle": "Busca Dado que eu tenho o seguinte contato Mike Portnoy Devo ver somente este contato no dashboard",
                  "timedOut": null,
                  "duration": 49,
                  "state": "passed",
                  "speed": "medium",
                  "pass": true,
                  "fail": false,
                  "pending": false,
                  "context": "\"assets/screenshots/contact_search_spec.js/Devo ver somente este contato no dashboard -- after each hook.png\"",
                  "code": "cy.contactItem().should('have.length', 1);\ncy.contactItem().contains(contact.name);\ncy.contactItem().contains(contact.number);\ncy.contactItem().contains(contact.description);",
                  "err": {},
                  "uuid": "2004000b-31ee-47fd-af1a-c5d8cb738a01",
                  "parentUUID": "b0e56e55-c5f3-466b-95b2-84c99e66f50b",
                  "isHook": false,
                  "skipped": false
                }
              ],
              "suites": [],
              "passes": [
                "b22b3911-4f44-451f-b80c-4c760e615c90",
                "2004000b-31ee-47fd-af1a-c5d8cb738a01"
              ],
              "failures": [],
              "pending": [],
              "skipped": [],
              "duration": 2676,
              "root": false,
              "rootEmpty": false,
              "_timeout": 2000
            },
            {
              "uuid": "37bfba2f-1d4a-49e3-94fb-6703a42db320",
              "title": "Dado busco por um contato não cadastrado",
              "fullFile": "",
              "file": "",
              "beforeHooks": [],
              "afterHooks": [],
              "tests": [
                {
                  "title": "Deve retornar mensagem de alerta",
                  "fullTitle": "Busca Dado busco por um contato não cadastrado Deve retornar mensagem de alerta",
                  "timedOut": null,
                  "duration": 702,
                  "state": "passed",
                  "speed": "slow",
                  "pass": true,
                  "fail": false,
                  "pending": false,
                  "context": "\"assets/screenshots/contact_search_spec.js/Deve retornar mensagem de alerta -- after each hook.png\"",
                  "code": "cy.get('.message-body').contains('Contato não encontrado :(');",
                  "err": {},
                  "uuid": "dba362b3-26d0-4496-97d0-21aebd999d57",
                  "parentUUID": "37bfba2f-1d4a-49e3-94fb-6703a42db320",
                  "isHook": false,
                  "skipped": false
                }
              ],
              "suites": [],
              "passes": [
                "dba362b3-26d0-4496-97d0-21aebd999d57"
              ],
              "failures": [],
              "pending": [],
              "skipped": [],
              "duration": 702,
              "root": false,
              "rootEmpty": false,
              "_timeout": 2000
            }
          ],
          "passes": [],
          "failures": [],
          "pending": [],
          "skipped": [],
          "duration": 0,
          "root": false,
          "rootEmpty": false,
          "_timeout": 2000
        }
      ],
      "passes": [],
      "failures": [],
      "pending": [],
      "skipped": [],
      "duration": 0,
      "root": true,
      "rootEmpty": true,
      "_timeout": 2000
    }
  ],
  "meta": {
    "mocha": {
      "version": "8.1.3"
    },
    "mochawesome": {
      "options": {
        "quiet": false,
        "reportFilename": "mochawesome",
        "saveHtml": false,
        "saveJson": true,
        "consoleReporter": "spec",
        "useInlineDiffs": false,
        "code": true
      },
      "version": "6.1.1"
    },
    "marge": {
      "options": {
        "reportDir": "mochawesome-report",
        "overwrite": true,
        "html": false,
        "json": true,
        "timestamp": "mmddyyyy_HHMMss"
      },
      "version": "5.1.0"
    }
  }
}