{
  "stats": {
    "suites": 5,
    "tests": 4,
    "passes": 4,
    "pending": 0,
    "failures": 0,
    "start": "2020-12-15T23:10:41.521Z",
    "end": "2020-12-15T23:10:48.411Z",
    "duration": 6890,
    "testsRegistered": 4,
    "passPercent": 100,
    "pendingPercent": 0,
    "other": 0,
    "hasOther": false,
    "skipped": 0,
    "hasSkipped": false
  },
  "results": [
    {
      "uuid": "34c9dee9-1dd6-420c-a91d-9622535075db",
      "title": "",
      "fullFile": "tests\\e2e\\specs\\login_spec.js",
      "file": "tests\\e2e\\specs\\login_spec.js",
      "beforeHooks": [],
      "afterHooks": [],
      "tests": [],
      "suites": [
        {
          "uuid": "16cdf63c-3555-4602-a044-b3dafbc60a5a",
          "title": "Login",
          "fullFile": "",
          "file": "",
          "beforeHooks": [],
          "afterHooks": [],
          "tests": [],
          "suites": [
            {
              "uuid": "e937aed8-ec7c-4ba6-8ac0-6546104eb1b0",
              "title": "Quando submeto credenciais validas",
              "fullFile": "",
              "file": "",
              "beforeHooks": [],
              "afterHooks": [],
              "tests": [
                {
                  "title": "Deve exibir a área logada",
                  "fullTitle": "Login Quando submeto credenciais validas Deve exibir a área logada",
                  "timedOut": null,
                  "duration": 1944,
                  "state": "passed",
                  "speed": "slow",
                  "pass": true,
                  "fail": false,
                  "pending": false,
                  "context": null,
                  "code": "cy.contains('h4', 'Seu gerenciador digital de contatos').should('be.visible');",
                  "err": {},
                  "uuid": "9cd6fff2-2bc3-4ae2-beb0-5d69978591bd",
                  "parentUUID": "e937aed8-ec7c-4ba6-8ac0-6546104eb1b0",
                  "isHook": false,
                  "skipped": false
                }
              ],
              "suites": [],
              "passes": [
                "9cd6fff2-2bc3-4ae2-beb0-5d69978591bd"
              ],
              "failures": [],
              "pending": [],
              "skipped": [],
              "duration": 1944,
              "root": false,
              "rootEmpty": false,
              "_timeout": 2000
            },
            {
              "uuid": "96171f07-2b2b-433b-8a17-0146ad5cb8a3",
              "title": "Quando submeto senha incorreta",
              "fullFile": "",
              "file": "",
              "beforeHooks": [],
              "afterHooks": [],
              "tests": [
                {
                  "title": "Deve exibir Email eou senha incorretos",
                  "fullTitle": "Login Quando submeto senha incorreta Deve exibir Email eou senha incorretos",
                  "timedOut": null,
                  "duration": 1142,
                  "state": "passed",
                  "speed": "slow",
                  "pass": true,
                  "fail": false,
                  "pending": false,
                  "context": null,
                  "code": "cy.loginAlert(expectMessage).should('be.visible');",
                  "err": {},
                  "uuid": "0bd3190c-a421-41c5-9309-ac46d1297830",
                  "parentUUID": "96171f07-2b2b-433b-8a17-0146ad5cb8a3",
                  "isHook": false,
                  "skipped": false
                }
              ],
              "suites": [],
              "passes": [
                "0bd3190c-a421-41c5-9309-ac46d1297830"
              ],
              "failures": [],
              "pending": [],
              "skipped": [],
              "duration": 1142,
              "root": false,
              "rootEmpty": false,
              "_timeout": 2000
            },
            {
              "uuid": "d655846a-2070-45c5-bf76-b64692da474e",
              "title": "Quando não informo o email",
              "fullFile": "",
              "file": "",
              "beforeHooks": [],
              "afterHooks": [],
              "tests": [
                {
                  "title": "Deve exibir Oops. Por favor informe o seu email",
                  "fullTitle": "Login Quando não informo o email Deve exibir Oops. Por favor informe o seu email",
                  "timedOut": null,
                  "duration": 666,
                  "state": "passed",
                  "speed": "slow",
                  "pass": true,
                  "fail": false,
                  "pending": false,
                  "context": null,
                  "code": "cy.loginAlert(expectMessage).should('be.visible');",
                  "err": {},
                  "uuid": "73860425-647e-4348-b983-059993513435",
                  "parentUUID": "d655846a-2070-45c5-bf76-b64692da474e",
                  "isHook": false,
                  "skipped": false
                }
              ],
              "suites": [],
              "passes": [
                "73860425-647e-4348-b983-059993513435"
              ],
              "failures": [],
              "pending": [],
              "skipped": [],
              "duration": 666,
              "root": false,
              "rootEmpty": false,
              "_timeout": 2000
            },
            {
              "uuid": "9c0f14e3-4897-43b7-b881-0e869084bd73",
              "title": "Quando não informo a senha",
              "fullFile": "",
              "file": "",
              "beforeHooks": [],
              "afterHooks": [],
              "tests": [
                {
                  "title": "Deve exibir Oops. Por favor informe sua senha",
                  "fullTitle": "Login Quando não informo a senha Deve exibir Oops. Por favor informe sua senha",
                  "timedOut": null,
                  "duration": 833,
                  "state": "passed",
                  "speed": "slow",
                  "pass": true,
                  "fail": false,
                  "pending": false,
                  "context": null,
                  "code": "cy.loginAlert(expectMessage).should('be.visible');",
                  "err": {},
                  "uuid": "bb43faa1-b254-4c0d-a8e6-11f05a398c1d",
                  "parentUUID": "9c0f14e3-4897-43b7-b881-0e869084bd73",
                  "isHook": false,
                  "skipped": false
                }
              ],
              "suites": [],
              "passes": [
                "bb43faa1-b254-4c0d-a8e6-11f05a398c1d"
              ],
              "failures": [],
              "pending": [],
              "skipped": [],
              "duration": 833,
              "root": false,
              "rootEmpty": false,
              "_timeout": 2000
            }
          ],
          "passes": [],
          "failures": [],
          "pending": [],
          "skipped": [],
          "duration": 0,
          "root": false,
          "rootEmpty": false,
          "_timeout": 2000
        }
      ],
      "passes": [],
      "failures": [],
      "pending": [],
      "skipped": [],
      "duration": 0,
      "root": true,
      "rootEmpty": true,
      "_timeout": 2000
    }
  ],
  "meta": {
    "mocha": {
      "version": "8.1.3"
    },
    "mochawesome": {
      "options": {
        "quiet": false,
        "reportFilename": "mochawesome",
        "saveHtml": false,
        "saveJson": true,
        "consoleReporter": "spec",
        "useInlineDiffs": false,
        "code": true
      },
      "version": "6.1.1"
    },
    "marge": {
      "options": {
        "reportDir": "mochawesome-report",
        "overwrite": true,
        "html": false,
        "json": true,
        "timestamp": "mmddyyyy_HHMMss"
      },
      "version": "5.1.0"
    }
  }
}