{
  "stats": {
    "suites": 5,
    "tests": 15,
    "passes": 15,
    "pending": 0,
    "failures": 0,
    "start": "2020-12-15T23:53:03.511Z",
    "end": "2020-12-15T23:54:00.952Z",
    "duration": 21451,
    "testsRegistered": 15,
    "passPercent": 100,
    "pendingPercent": 0,
    "other": 0,
    "hasOther": false,
    "skipped": 0,
    "hasSkipped": false
  },
  "results": [
    {
      "uuid": "4a982a26-05ca-4d80-b027-f157eb657d37",
      "title": "",
      "fullFile": "tests\\e2e\\specs\\contact_remove_spec.js",
      "file": "tests\\e2e\\specs\\contact_remove_spec.js",
      "beforeHooks": [],
      "afterHooks": [],
      "tests": [],
      "suites": [
        {
          "uuid": "168e3b09-e529-4872-a835-fc641a9a6313",
          "title": "Remover Contato",
          "fullFile": "",
          "file": "",
          "beforeHooks": [],
          "afterHooks": [],
          "tests": [],
          "suites": [
            {
              "uuid": "51bd8f90-223f-425b-85cc-c3610f4af957",
              "title": "Dado que Paulo Gilberto é um contato indesejado",
              "fullFile": "",
              "file": "",
              "beforeHooks": [],
              "afterHooks": [],
              "tests": [
                {
                  "title": "Quando eu apago esse contato",
                  "fullTitle": "Remover Contato Dado que Paulo Gilberto é um contato indesejado Quando eu apago esse contato",
                  "timedOut": null,
                  "duration": 2630,
                  "state": "passed",
                  "speed": "slow",
                  "pass": true,
                  "fail": false,
                  "pending": false,
                  "context": "\"assets/screenshots/contact_remove_spec.js/Quando eu apago esse contato -- after each hook.png\"",
                  "code": "cy.dash();\ncy.removeContact(contact.number);",
                  "err": {},
                  "uuid": "2437c40d-822b-440c-b58d-355b2a5313cc",
                  "parentUUID": "51bd8f90-223f-425b-85cc-c3610f4af957",
                  "isHook": false,
                  "skipped": false
                },
                {
                  "title": "Não deve exibir no dashboard",
                  "fullTitle": "Remover Contato Dado que Paulo Gilberto é um contato indesejado Não deve exibir no dashboard",
                  "timedOut": null,
                  "duration": 24,
                  "state": "passed",
                  "speed": "fast",
                  "pass": true,
                  "fail": false,
                  "pending": false,
                  "context": "\"assets/screenshots/contact_remove_spec.js/Não deve exibir no dashboard -- after each hook.png\"",
                  "code": "cy.getContact(contact.number).should('not.visible');",
                  "err": {},
                  "uuid": "a68dcf80-5e83-4be0-9acb-3011386f0248",
                  "parentUUID": "51bd8f90-223f-425b-85cc-c3610f4af957",
                  "isHook": false,
                  "skipped": false
                }
              ],
              "suites": [],
              "passes": [
                "2437c40d-822b-440c-b58d-355b2a5313cc",
                "a68dcf80-5e83-4be0-9acb-3011386f0248"
              ],
              "failures": [],
              "pending": [],
              "skipped": [],
              "duration": 2654,
              "root": false,
              "rootEmpty": false,
              "_timeout": 2000
            }
          ],
          "passes": [],
          "failures": [],
          "pending": [],
          "skipped": [],
          "duration": 0,
          "root": false,
          "rootEmpty": false,
          "_timeout": 2000
        }
      ],
      "passes": [],
      "failures": [],
      "pending": [],
      "skipped": [],
      "duration": 0,
      "root": true,
      "rootEmpty": true,
      "_timeout": 2000
    },
    {
      "uuid": "98debe5d-bcaa-411e-abb3-a009e269d0fa",
      "title": "",
      "fullFile": "tests\\e2e\\specs\\contact_save_spec.js",
      "file": "tests\\e2e\\specs\\contact_save_spec.js",
      "beforeHooks": [],
      "afterHooks": [],
      "tests": [],
      "suites": [
        {
          "uuid": "9773cb9d-6a4e-4fe3-a278-4829c25f0aa1",
          "title": "Cadastro de Contatos",
          "fullFile": "",
          "file": "",
          "beforeHooks": [],
          "afterHooks": [],
          "tests": [],
          "suites": [
            {
              "uuid": "d6aee473-a0b8-41b3-b10a-d8ae8a6f8bbd",
              "title": "Novo Contato",
              "fullFile": "",
              "file": "",
              "beforeHooks": [],
              "afterHooks": [],
              "tests": [],
              "suites": [
                {
                  "uuid": "180172f0-8bfb-49cd-8ac3-52f145d4eb12",
                  "title": "Quando submeto o cadastro completo",
                  "fullFile": "",
                  "file": "",
                  "beforeHooks": [],
                  "afterHooks": [],
                  "tests": [
                    {
                      "title": "Deve cadastrar esse contato",
                      "fullTitle": "Cadastro de Contatos Novo Contato Quando submeto o cadastro completo Deve cadastrar esse contato",
                      "timedOut": null,
                      "duration": 4087,
                      "state": "passed",
                      "speed": "slow",
                      "pass": true,
                      "fail": false,
                      "pending": false,
                      "context": "\"assets/screenshots/contact_save_spec.js/Deve cadastrar esse contato -- after each hook.png\"",
                      "code": "cy.contactList().contains(contact.name);",
                      "err": {},
                      "uuid": "cee1c55f-a2e6-43f0-8fdd-218721728976",
                      "parentUUID": "180172f0-8bfb-49cd-8ac3-52f145d4eb12",
                      "isHook": false,
                      "skipped": false
                    }
                  ],
                  "suites": [],
                  "passes": [
                    "cee1c55f-a2e6-43f0-8fdd-218721728976"
                  ],
                  "failures": [],
                  "pending": [],
                  "skipped": [],
                  "duration": 4087,
                  "root": false,
                  "rootEmpty": false,
                  "_timeout": 2000
                },
                {
                  "uuid": "beaca4a8-40dc-4176-b7f2-e9aad1b28d94",
                  "title": "Quando submeto o cadastro sem o nome",
                  "fullFile": "",
                  "file": "",
                  "beforeHooks": [],
                  "afterHooks": [],
                  "tests": [
                    {
                      "title": "Deve exibir a notificação Nome  Obrigatrio",
                      "fullTitle": "Cadastro de Contatos Novo Contato Quando submeto o cadastro sem o nome Deve exibir a notificação Nome  Obrigatrio",
                      "timedOut": null,
                      "duration": 1803,
                      "state": "passed",
                      "speed": "slow",
                      "pass": true,
                      "fail": false,
                      "pending": false,
                      "context": "\"assets/screenshots/contact_save_spec.js/Deve exibir a notificação Nome  Obrigatrio -- after each hook.png\"",
                      "code": "cy.alertName().contains(expectNotice);",
                      "err": {},
                      "uuid": "3c6f154b-bd9f-4f60-9cdc-31ea4abe2329",
                      "parentUUID": "beaca4a8-40dc-4176-b7f2-e9aad1b28d94",
                      "isHook": false,
                      "skipped": false
                    }
                  ],
                  "suites": [],
                  "passes": [
                    "3c6f154b-bd9f-4f60-9cdc-31ea4abe2329"
                  ],
                  "failures": [],
                  "pending": [],
                  "skipped": [],
                  "duration": 1803,
                  "root": false,
                  "rootEmpty": false,
                  "_timeout": 2000
                },
                {
                  "uuid": "d791334f-c730-4e7c-bb81-608e8a855c36",
                  "title": "Quando submeto o cadastro sem o whatsapp",
                  "fullFile": "",
                  "file": "",
                  "beforeHooks": [],
                  "afterHooks": [],
                  "tests": [
                    {
                      "title": "Deve exibir a notificação Whatsapp  Obrigatrio",
                      "fullTitle": "Cadastro de Contatos Novo Contato Quando submeto o cadastro sem o whatsapp Deve exibir a notificação Whatsapp  Obrigatrio",
                      "timedOut": null,
                      "duration": 1583,
                      "state": "passed",
                      "speed": "slow",
                      "pass": true,
                      "fail": false,
                      "pending": false,
                      "context": "\"assets/screenshots/contact_save_spec.js/Deve exibir a notificação Whatsapp  Obrigatrio -- after each hook.png\"",
                      "code": "cy.alertNumber().contains(expectNotice);",
                      "err": {},
                      "uuid": "1ea1e600-5b8b-4a7d-b1e8-9ef00ffb2e35",
                      "parentUUID": "d791334f-c730-4e7c-bb81-608e8a855c36",
                      "isHook": false,
                      "skipped": false
                    }
                  ],
                  "suites": [],
                  "passes": [
                    "1ea1e600-5b8b-4a7d-b1e8-9ef00ffb2e35"
                  ],
                  "failures": [],
                  "pending": [],
                  "skipped": [],
                  "duration": 1583,
                  "root": false,
                  "rootEmpty": false,
                  "_timeout": 2000
                },
                {
                  "uuid": "4d8ba77e-319d-4f17-a14c-b615e35b3320",
                  "title": "Quando submeto o cadastro sem o assunto",
                  "fullFile": "",
                  "file": "",
                  "beforeHooks": [],
                  "afterHooks": [],
                  "tests": [
                    {
                      "title": "Deve exibir a notificação Assunto  Obrigatrio",
                      "fullTitle": "Cadastro de Contatos Novo Contato Quando submeto o cadastro sem o assunto Deve exibir a notificação Assunto  Obrigatrio",
                      "timedOut": null,
                      "duration": 1095,
                      "state": "passed",
                      "speed": "slow",
                      "pass": true,
                      "fail": false,
                      "pending": false,
                      "context": "\"assets/screenshots/contact_save_spec.js/Deve exibir a notificação Assunto  Obrigatrio -- after each hook.png\"",
                      "code": "cy.alertDesc().contains(expectNotice);",
                      "err": {},
                      "uuid": "989f7a91-73dd-4043-9e20-54ee1abbd2e3",
                      "parentUUID": "4d8ba77e-319d-4f17-a14c-b615e35b3320",
                      "isHook": false,
                      "skipped": false
                    }
                  ],
                  "suites": [],
                  "passes": [
                    "989f7a91-73dd-4043-9e20-54ee1abbd2e3"
                  ],
                  "failures": [],
                  "pending": [],
                  "skipped": [],
                  "duration": 1095,
                  "root": false,
                  "rootEmpty": false,
                  "_timeout": 2000
                }
              ],
              "passes": [],
              "failures": [],
              "pending": [],
              "skipped": [],
              "duration": 0,
              "root": false,
              "rootEmpty": false,
              "_timeout": 2000
            }
          ],
          "passes": [],
          "failures": [],
          "pending": [],
          "skipped": [],
          "duration": 0,
          "root": false,
          "rootEmpty": false,
          "_timeout": 2000
        }
      ],
      "passes": [],
      "failures": [],
      "pending": [],
      "skipped": [],
      "duration": 0,
      "root": true,
      "rootEmpty": true,
      "_timeout": 2000
    },
    {
      "uuid": "bae8c2ce-e205-49ac-909b-4375c015aceb",
      "title": "",
      "fullFile": "tests\\e2e\\specs\\contact_search_spec.js",
      "file": "tests\\e2e\\specs\\contact_search_spec.js",
      "beforeHooks": [],
      "afterHooks": [],
      "tests": [],
      "suites": [
        {
          "uuid": "2d061204-5088-488f-92d5-ad99d40642d9",
          "title": "Busca",
          "fullFile": "",
          "file": "",
          "beforeHooks": [],
          "afterHooks": [],
          "tests": [],
          "suites": [
            {
              "uuid": "b0e56e55-c5f3-466b-95b2-84c99e66f50b",
              "title": "Dado que eu tenho o seguinte contato Mike Portnoy",
              "fullFile": "",
              "file": "",
              "beforeHooks": [],
              "afterHooks": [],
              "tests": [
                {
                  "title": "Quando eu faço a busca desse contato",
                  "fullTitle": "Busca Dado que eu tenho o seguinte contato Mike Portnoy Quando eu faço a busca desse contato",
                  "timedOut": null,
                  "duration": 2627,
                  "state": "passed",
                  "speed": "slow",
                  "pass": true,
                  "fail": false,
                  "pending": false,
                  "context": "\"assets/screenshots/contact_search_spec.js/Quando eu faço a busca desse contato -- after each hook.png\"",
                  "code": "cy.dash();\ncy.searchContact(contact.number);\ncy.get('#loader', {\n  timeout: 5000\n}).should('not.visible');",
                  "err": {},
                  "uuid": "b22b3911-4f44-451f-b80c-4c760e615c90",
                  "parentUUID": "b0e56e55-c5f3-466b-95b2-84c99e66f50b",
                  "isHook": false,
                  "skipped": false
                },
                {
                  "title": "Devo ver somente este contato no dashboard",
                  "fullTitle": "Busca Dado que eu tenho o seguinte contato Mike Portnoy Devo ver somente este contato no dashboard",
                  "timedOut": null,
                  "duration": 49,
                  "state": "passed",
                  "speed": "medium",
                  "pass": true,
                  "fail": false,
                  "pending": false,
                  "context": "\"assets/screenshots/contact_search_spec.js/Devo ver somente este contato no dashboard -- after each hook.png\"",
                  "code": "cy.contactItem().should('have.length', 1);\ncy.contactItem().contains(contact.name);\ncy.contactItem().contains(contact.number);\ncy.contactItem().contains(contact.description);",
                  "err": {},
                  "uuid": "2004000b-31ee-47fd-af1a-c5d8cb738a01",
                  "parentUUID": "b0e56e55-c5f3-466b-95b2-84c99e66f50b",
                  "isHook": false,
                  "skipped": false
                }
              ],
              "suites": [],
              "passes": [
                "b22b3911-4f44-451f-b80c-4c760e615c90",
                "2004000b-31ee-47fd-af1a-c5d8cb738a01"
              ],
              "failures": [],
              "pending": [],
              "skipped": [],
              "duration": 2676,
              "root": false,
              "rootEmpty": false,
              "_timeout": 2000
            },
            {
              "uuid": "37bfba2f-1d4a-49e3-94fb-6703a42db320",
              "title": "Dado busco por um contato não cadastrado",
              "fullFile": "",
              "file": "",
              "beforeHooks": [],
              "afterHooks": [],
              "tests": [
                {
                  "title": "Deve retornar mensagem de alerta",
                  "fullTitle": "Busca Dado busco por um contato não cadastrado Deve retornar mensagem de alerta",
                  "timedOut": null,
                  "duration": 702,
                  "state": "passed",
                  "speed": "slow",
                  "pass": true,
                  "fail": false,
                  "pending": false,
                  "context": "\"assets/screenshots/contact_search_spec.js/Deve retornar mensagem de alerta -- after each hook.png\"",
                  "code": "cy.get('.message-body').contains('Contato não encontrado :(');",
                  "err": {},
                  "uuid": "dba362b3-26d0-4496-97d0-21aebd999d57",
                  "parentUUID": "37bfba2f-1d4a-49e3-94fb-6703a42db320",
                  "isHook": false,
                  "skipped": false
                }
              ],
              "suites": [],
              "passes": [
                "dba362b3-26d0-4496-97d0-21aebd999d57"
              ],
              "failures": [],
              "pending": [],
              "skipped": [],
              "duration": 702,
              "root": false,
              "rootEmpty": false,
              "_timeout": 2000
            }
          ],
          "passes": [],
          "failures": [],
          "pending": [],
          "skipped": [],
          "duration": 0,
          "root": false,
          "rootEmpty": false,
          "_timeout": 2000
        }
      ],
      "passes": [],
      "failures": [],
      "pending": [],
      "skipped": [],
      "duration": 0,
      "root": true,
      "rootEmpty": true,
      "_timeout": 2000
    },
    {
      "uuid": "4e16d936-0049-4539-9598-e1c05ddbb2b1",
      "title": "",
      "fullFile": "tests\\e2e\\specs\\contact_talk_spec.js",
      "file": "tests\\e2e\\specs\\contact_talk_spec.js",
      "beforeHooks": [],
      "afterHooks": [],
      "tests": [],
      "suites": [
        {
          "uuid": "efc05643-b27a-4915-9ce0-9a4bd095cb14",
          "title": "Conversar",
          "fullFile": "",
          "file": "",
          "beforeHooks": [],
          "afterHooks": [],
          "tests": [],
          "suites": [
            {
              "uuid": "b6e56912-3540-4ca1-be07-6551cb2a463c",
              "title": "Dado que Jo Jo Todynho é um bom contato",
              "fullFile": "",
              "file": "",
              "beforeHooks": [],
              "afterHooks": [],
              "tests": [
                {
                  "title": "Quando acesso o dashboard",
                  "fullTitle": "Conversar Dado que Jo Jo Todynho é um bom contato Quando acesso o dashboard",
                  "timedOut": null,
                  "duration": 2066,
                  "state": "passed",
                  "speed": "slow",
                  "pass": true,
                  "fail": false,
                  "pending": false,
                  "context": "\"assets/screenshots/contact_talk_spec.js/Quando acesso o dashboard -- after each hook.png\"",
                  "code": "cy.dash();",
                  "err": {},
                  "uuid": "1b5ab981-9d9a-49e6-a62a-598fe87e1c82",
                  "parentUUID": "b6e56912-3540-4ca1-be07-6551cb2a463c",
                  "isHook": false,
                  "skipped": false
                },
                {
                  "title": "Devo ver a propriedade href com o link do whatsapp web",
                  "fullTitle": "Conversar Dado que Jo Jo Todynho é um bom contato Devo ver a propriedade href com o link do whatsapp web",
                  "timedOut": null,
                  "duration": 26,
                  "state": "passed",
                  "speed": "fast",
                  "pass": true,
                  "fail": false,
                  "pending": false,
                  "context": "\"assets/screenshots/contact_talk_spec.js/Devo ver a propriedade href com o link do whatsapp web -- after each hook.png\"",
                  "code": "var externalLink = \"https://api.whatsapp.com/send?phone=55\".concat(contact.number);\ncy.get(\"a[href$=\\\"\".concat(contact.number, \"\\\"]\")).should('have.attr', 'href', externalLink);",
                  "err": {},
                  "uuid": "86e7982c-2877-4860-a127-3ea4eac82bf1",
                  "parentUUID": "b6e56912-3540-4ca1-be07-6551cb2a463c",
                  "isHook": false,
                  "skipped": false
                }
              ],
              "suites": [],
              "passes": [
                "1b5ab981-9d9a-49e6-a62a-598fe87e1c82",
                "86e7982c-2877-4860-a127-3ea4eac82bf1"
              ],
              "failures": [],
              "pending": [],
              "skipped": [],
              "duration": 2092,
              "root": false,
              "rootEmpty": false,
              "_timeout": 2000
            }
          ],
          "passes": [],
          "failures": [],
          "pending": [],
          "skipped": [],
          "duration": 0,
          "root": false,
          "rootEmpty": false,
          "_timeout": 2000
        }
      ],
      "passes": [],
      "failures": [],
      "pending": [],
      "skipped": [],
      "duration": 0,
      "root": true,
      "rootEmpty": true,
      "_timeout": 2000
    },
    {
      "uuid": "aa033eb8-5509-4a5c-bd23-340b0a3735dc",
      "title": "",
      "fullFile": "tests\\e2e\\specs\\login_spec.js",
      "file": "tests\\e2e\\specs\\login_spec.js",
      "beforeHooks": [],
      "afterHooks": [],
      "tests": [],
      "suites": [
        {
          "uuid": "4ad0bb42-5e41-4df4-a75a-f46a77e89afd",
          "title": "Login",
          "fullFile": "",
          "file": "",
          "beforeHooks": [],
          "afterHooks": [],
          "tests": [],
          "suites": [
            {
              "uuid": "a199592e-aff4-440f-9e8e-45c014cb1ab8",
              "title": "Quando submeto credenciais validas",
              "fullFile": "",
              "file": "",
              "beforeHooks": [],
              "afterHooks": [],
              "tests": [
                {
                  "title": "Deve exibir a área logada",
                  "fullTitle": "Login Quando submeto credenciais validas Deve exibir a área logada",
                  "timedOut": null,
                  "duration": 2086,
                  "state": "passed",
                  "speed": "slow",
                  "pass": true,
                  "fail": false,
                  "pending": false,
                  "context": "\"assets/screenshots/login_spec.js/Deve exibir a área logada -- after each hook.png\"",
                  "code": "cy.contains('h4', 'Seu gerenciador digital de contatos').should('be.visible');",
                  "err": {},
                  "uuid": "702412b8-7efe-48d5-a617-0fb9fe07ed95",
                  "parentUUID": "a199592e-aff4-440f-9e8e-45c014cb1ab8",
                  "isHook": false,
                  "skipped": false
                }
              ],
              "suites": [],
              "passes": [
                "702412b8-7efe-48d5-a617-0fb9fe07ed95"
              ],
              "failures": [],
              "pending": [],
              "skipped": [],
              "duration": 2086,
              "root": false,
              "rootEmpty": false,
              "_timeout": 2000
            },
            {
              "uuid": "34a16670-50a2-4dab-8aae-a35712aa44f4",
              "title": "Quando submeto senha incorreta",
              "fullFile": "",
              "file": "",
              "beforeHooks": [],
              "afterHooks": [],
              "tests": [
                {
                  "title": "Deve exibir Email eou senha incorretos",
                  "fullTitle": "Login Quando submeto senha incorreta Deve exibir Email eou senha incorretos",
                  "timedOut": null,
                  "duration": 1208,
                  "state": "passed",
                  "speed": "slow",
                  "pass": true,
                  "fail": false,
                  "pending": false,
                  "context": "\"assets/screenshots/login_spec.js/Deve exibir Email eou senha incorretos -- after each hook.png\"",
                  "code": "cy.loginAlert(expectMessage).should('be.visible');",
                  "err": {},
                  "uuid": "dada9b2e-be6c-4ca6-a118-95ac44298a9b",
                  "parentUUID": "34a16670-50a2-4dab-8aae-a35712aa44f4",
                  "isHook": false,
                  "skipped": false
                }
              ],
              "suites": [],
              "passes": [
                "dada9b2e-be6c-4ca6-a118-95ac44298a9b"
              ],
              "failures": [],
              "pending": [],
              "skipped": [],
              "duration": 1208,
              "root": false,
              "rootEmpty": false,
              "_timeout": 2000
            },
            {
              "uuid": "b8df7560-b888-420b-bfd2-cf4e3f85b520",
              "title": "Quando não informo o email",
              "fullFile": "",
              "file": "",
              "beforeHooks": [],
              "afterHooks": [],
              "tests": [
                {
                  "title": "Deve exibir Oops. Por favor informe o seu email",
                  "fullTitle": "Login Quando não informo o email Deve exibir Oops. Por favor informe o seu email",
                  "timedOut": null,
                  "duration": 702,
                  "state": "passed",
                  "speed": "slow",
                  "pass": true,
                  "fail": false,
                  "pending": false,
                  "context": "\"assets/screenshots/login_spec.js/Deve exibir Oops. Por favor informe o seu email -- after each hook.png\"",
                  "code": "cy.loginAlert(expectMessage).should('be.visible');",
                  "err": {},
                  "uuid": "4bb79374-cc78-43ed-a771-54367ad7e4ad",
                  "parentUUID": "b8df7560-b888-420b-bfd2-cf4e3f85b520",
                  "isHook": false,
                  "skipped": false
                }
              ],
              "suites": [],
              "passes": [
                "4bb79374-cc78-43ed-a771-54367ad7e4ad"
              ],
              "failures": [],
              "pending": [],
              "skipped": [],
              "duration": 702,
              "root": false,
              "rootEmpty": false,
              "_timeout": 2000
            },
            {
              "uuid": "2005232a-c17a-4c93-930e-013cab857f46",
              "title": "Quando não informo a senha",
              "fullFile": "",
              "file": "",
              "beforeHooks": [],
              "afterHooks": [],
              "tests": [
                {
                  "title": "Deve exibir Oops. Por favor informe sua senha",
                  "fullTitle": "Login Quando não informo a senha Deve exibir Oops. Por favor informe sua senha",
                  "timedOut": null,
                  "duration": 763,
                  "state": "passed",
                  "speed": "slow",
                  "pass": true,
                  "fail": false,
                  "pending": false,
                  "context": "\"assets/screenshots/login_spec.js/Deve exibir Oops. Por favor informe sua senha -- after each hook.png\"",
                  "code": "cy.loginAlert(expectMessage).should('be.visible');",
                  "err": {},
                  "uuid": "9b0a529d-c46e-493a-97e4-e15d20a698d3",
                  "parentUUID": "2005232a-c17a-4c93-930e-013cab857f46",
                  "isHook": false,
                  "skipped": false
                }
              ],
              "suites": [],
              "passes": [
                "9b0a529d-c46e-493a-97e4-e15d20a698d3"
              ],
              "failures": [],
              "pending": [],
              "skipped": [],
              "duration": 763,
              "root": false,
              "rootEmpty": false,
              "_timeout": 2000
            }
          ],
          "passes": [],
          "failures": [],
          "pending": [],
          "skipped": [],
          "duration": 0,
          "root": false,
          "rootEmpty": false,
          "_timeout": 2000
        }
      ],
      "passes": [],
      "failures": [],
      "pending": [],
      "skipped": [],
      "duration": 0,
      "root": true,
      "rootEmpty": true,
      "_timeout": 2000
    }
  ],
  "meta": {
    "mocha": {
      "version": "8.1.3"
    },
    "mochawesome": {
      "options": {
        "quiet": false,
        "reportFilename": "mochawesome",
        "saveHtml": false,
        "saveJson": true,
        "consoleReporter": "spec",
        "useInlineDiffs": false,
        "code": true
      },
      "version": "6.1.1"
    },
    "marge": {
      "options": {
        "reportDir": "mochawesome-report",
        "overwrite": true,
        "html": false,
        "json": true,
        "timestamp": "mmddyyyy_HHMMss"
      },
      "version": "5.1.0"
    }
  }
}